11:27:43: Creating resource group General
11:27:43: Creating resource group OgreInternal
11:27:43: Creating resource group OgreAutodetect
11:27:43: SceneManagerFactory for type 'DefaultSceneManager' registered.
11:27:43: Registering ResourceManager for type Material
11:27:43: Registering ResourceManager for type Mesh
11:27:43: Registering ResourceManager for type Skeleton
11:27:43: MovableObjectFactory for type 'ParticleSystem' registered.
11:27:43: ArchiveFactory for archive type FileSystem registered.
11:27:43: ArchiveFactory for archive type Zip registered.
11:27:43: ArchiveFactory for archive type EmbeddedZip registered.
11:27:43: DDS codec registering
11:27:43: ETC codec registering
11:27:43: Registering ResourceManager for type HighLevelGpuProgram
11:27:43: Registering ResourceManager for type Compositor
11:27:43: MovableObjectFactory for type 'Entity' registered.
11:27:43: MovableObjectFactory for type 'Light' registered.
11:27:43: MovableObjectFactory for type 'BillboardSet' registered.
11:27:43: MovableObjectFactory for type 'ManualObject' registered.
11:27:43: MovableObjectFactory for type 'BillboardChain' registered.
11:27:43: MovableObjectFactory for type 'RibbonTrail' registered.
11:27:43: Loading library U:/hlocal/chelo/IG2/bin/.\RenderSystem_GL
11:27:43: Installing plugin: GL RenderSystem
11:27:43: OpenGL Rendering Subsystem created.
11:27:43: Plugin successfully installed
11:27:43: Loading library U:/hlocal/chelo/IG2/bin/.\RenderSystem_GL3Plus
11:27:43: Installing plugin: GL 3+ RenderSystem
11:27:43: OpenGL 3+ Rendering Subsystem created.
11:27:43: Plugin successfully installed
11:27:43: Loading library U:/hlocal/chelo/IG2/bin/.\Plugin_ParticleFX
11:27:43: Installing plugin: ParticleFX
11:27:43: Particle Emitter Type 'Point' registered
11:27:43: Particle Emitter Type 'Box' registered
11:27:43: Particle Emitter Type 'Ellipsoid' registered
11:27:43: Particle Emitter Type 'Cylinder' registered
11:27:43: Particle Emitter Type 'Ring' registered
11:27:43: Particle Emitter Type 'HollowEllipsoid' registered
11:27:43: Particle Affector Type 'LinearForce' registered
11:27:43: Particle Affector Type 'ColourFader' registered
11:27:43: Particle Affector Type 'ColourFader2' registered
11:27:43: Particle Affector Type 'ColourImage' registered
11:27:43: Particle Affector Type 'ColourInterpolator' registered
11:27:43: Particle Affector Type 'Scaler' registered
11:27:43: Particle Affector Type 'Rotator' registered
11:27:43: Particle Affector Type 'DirectionRandomiser' registered
11:27:43: Particle Affector Type 'DeflectorPlane' registered
11:27:43: Plugin successfully installed
11:27:43: Loading library U:/hlocal/chelo/IG2/bin/.\Plugin_BSPSceneManager
11:27:43: Installing plugin: BSP Scene Manager
11:27:43: Plugin successfully installed
11:27:43: Loading library U:/hlocal/chelo/IG2/bin/.\Codec_STBI
11:27:43: stb_image - v2.19 - public domain JPEG/PNG reader
11:27:43: Supported formats: jpeg,jpg,png,bmp,psd,tga,gif,pic,ppm,pgm,hdr
11:27:43: Loading library U:/hlocal/chelo/IG2/bin/.\Plugin_PCZSceneManager
11:27:43: Installing plugin: Portal Connected Zone Scene Manager
11:27:43: PCZone Factory Type 'ZoneType_Default' registered
11:27:43: Plugin successfully installed
11:27:43: Loading library U:/hlocal/chelo/IG2/bin/.\Plugin_OctreeZone
11:27:43: Installing plugin: Octree Zone Factory
11:27:43: Plugin successfully installed
11:27:43: Loading library U:/hlocal/chelo/IG2/bin/.\Plugin_OctreeSceneManager
11:27:43: Installing plugin: Octree Scene Manager
11:27:43: Plugin successfully installed
11:27:43: *-*-* OGRE Initialising
11:27:43: *-*-* Version 1.11.2 (Rhagorthua)
11:27:43: OverlayElementFactory for type Panel registered.
11:27:43: OverlayElementFactory for type BorderPanel registered.
11:27:43: OverlayElementFactory for type TextArea registered.
11:27:43: Registering ResourceManager for type Font
11:27:43: CPU Identifier & Features
11:27:43: -------------------------
11:27:43:  *   CPU ID: GenuineIntel: Intel(R) Core(TM) i7-14700
11:27:43:  *          SSE: yes
11:27:43:  *         SSE2: yes
11:27:43:  *         SSE3: yes
11:27:43:  *        SSE41: yes
11:27:43:  *        SSE42: yes
11:27:43:  *          MMX: yes
11:27:43:  *       MMXEXT: yes
11:27:43:  *        3DNOW: no
11:27:43:  *     3DNOWEXT: no
11:27:43:  *         CMOV: yes
11:27:43:  *          TSC: yes
11:27:43:  *INVARIANT TSC: yes
11:27:43:  *          FPU: yes
11:27:43:  *          PRO: yes
11:27:43:  *           HT: no
11:27:43: -------------------------
11:27:43: *** Starting Win32GL Subsystem ***
11:27:43: GL3PlusRenderSystem::_createRenderWindow "IG2App", 1024x768 windowed  miscParams: FSAA=0 externalWindowHandle=590298 gamma=No vsync=Yes 
11:27:43: Supported WGL extensions: WGL_EXT_depth_float WGL_ARB_buffer_region WGL_ARB_extensions_string WGL_ARB_make_current_read WGL_ARB_pixel_format WGL_ARB_pbuffer WGL_EXT_extensions_string WGL_EXT_swap_control WGL_ARB_multisample WGL_ARB_pixel_format_float WGL_ARB_framebuffer_sRGB WGL_ARB_create_context WGL_ARB_create_context_profile WGL_EXT_pixel_format_packed_float WGL_EXT_create_context_es_profile WGL_EXT_create_context_es2_profile WGL_NV_DX_interop WGL_NV_DX_interop2 WGL_ARB_robustness_application_isolation WGL_ARB_robustness_share_group_isolation WGL_ARB_create_context_robustness WGL_ARB_context_flush_control 
11:27:43: GL_VERSION = 4.6.0.0
11:27:43: GL_VENDOR = Intel
11:27:43: GL_RENDERER = Intel(R) UHD Graphics 770
11:27:43: GL_EXTENSIONS = GL_3DFX_texture_compression_FXT1 GL_AMD_depth_clamp_separate GL_AMD_vertex_shader_layer GL_AMD_vertex_shader_viewport_index GL_ARB_ES2_compatibility GL_ARB_ES3_1_compatibility GL_ARB_ES3_compatibility GL_ARB_arrays_of_arrays GL_ARB_base_instance GL_ARB_bindless_texture GL_ARB_blend_func_extended GL_ARB_buffer_storage GL_ARB_cl_event GL_ARB_clear_buffer_object GL_ARB_clear_texture GL_ARB_clip_control GL_ARB_color_buffer_float GL_ARB_compatibility GL_ARB_compressed_texture_pixel_storage GL_ARB_compute_shader GL_ARB_conditional_render_inverted GL_ARB_conservative_depth GL_ARB_copy_buffer GL_ARB_copy_image GL_ARB_cull_distance GL_ARB_debug_output GL_ARB_depth_buffer_float GL_ARB_depth_clamp GL_ARB_depth_texture GL_ARB_derivative_control GL_ARB_direct_state_access GL_ARB_draw_buffers GL_ARB_draw_buffers_blend GL_ARB_draw_elements_base_vertex GL_ARB_draw_indirect GL_ARB_draw_instanced GL_ARB_enhanced_layouts GL_ARB_explicit_attrib_location GL_ARB_explicit_uniform_location GL_ARB_fragment_coord_conventions GL_ARB_fragment_layer_viewport GL_ARB_fragment_program GL_ARB_fragment_program_shadow GL_ARB_fragment_shader GL_ARB_fragment_shader_interlock GL_ARB_framebuffer_no_attachments GL_ARB_framebuffer_object GL_ARB_framebuffer_sRGB GL_ARB_geometry_shader4 GL_ARB_get_program_binary GL_ARB_get_texture_sub_image GL_ARB_gl_spirv GL_ARB_gpu_shader5 GL_ARB_gpu_shader_fp64 GL_ARB_half_float_pixel GL_ARB_half_float_vertex GL_ARB_indirect_parameters GL_ARB_instanced_arrays GL_ARB_internalformat_query GL_ARB_internalformat_query2 GL_ARB_invalidate_subdata GL_ARB_map_buffer_alignment GL_ARB_map_buffer_range GL_ARB_multi_bind GL_ARB_multi_draw_indirect GL_ARB_multisample GL_ARB_multitexture GL_ARB_occlusion_query GL_ARB_occlusion_query2 GL_ARB_pipeline_statistics_query GL_ARB_pixel_buffer_object GL_ARB_point_parameters GL_ARB_point_sprite GL_ARB_polygon_offset_clamp GL_ARB_post_depth_coverage GL_ARB_program_interface_query GL_ARB_provoking_vertex GL_ARB_query_buffer_object GL_ARB_robust_buffer_access_behavior GL_ARB_robustness GL_ARB_robustness_isolation GL_ARB_sample_shading GL_ARB_sampler_objects GL_ARB_seamless_cube_map GL_ARB_seamless_cubemap_per_texture GL_ARB_separate_shader_objects GL_ARB_shader_atomic_counter_ops GL_ARB_shader_atomic_counters GL_ARB_shader_bit_encoding GL_ARB_shader_draw_parameters GL_ARB_shader_group_vote GL_ARB_shader_image_load_store GL_ARB_shader_image_size GL_ARB_shader_objects GL_ARB_shader_precision GL_ARB_shader_stencil_export GL_ARB_shader_storage_buffer_object GL_ARB_shader_subroutine GL_ARB_shader_texture_image_samples GL_ARB_shading_language_100 GL_ARB_shading_language_420pack GL_ARB_shading_language_packing GL_ARB_shadow GL_ARB_spirv_extensions GL_ARB_stencil_texturing GL_ARB_sync GL_ARB_tessellation_shader GL_ARB_texture_barrier GL_ARB_texture_border_clamp GL_ARB_texture_buffer_object GL_ARB_texture_buffer_object_rgb32 GL_ARB_texture_buffer_range GL_ARB_texture_compression GL_ARB_texture_compression_bptc GL_ARB_texture_compression_rgtc GL_ARB_texture_cube_map GL_ARB_texture_cube_map_array GL_ARB_texture_env_add GL_ARB_texture_env_combine GL_ARB_texture_env_crossbar GL_ARB_texture_env_dot3 GL_ARB_texture_filter_anisotropic GL_ARB_texture_float GL_ARB_texture_gather GL_ARB_texture_mirror_clamp_to_edge GL_ARB_texture_mirrored_repeat GL_ARB_texture_multisample GL_ARB_texture_non_power_of_two GL_ARB_texture_query_levels GL_ARB_texture_query_lod GL_ARB_texture_rectangle GL_ARB_texture_rg GL_ARB_texture_rgb10_a2ui GL_ARB_texture_stencil8 GL_ARB_texture_storage GL_ARB_texture_storage_multisample GL_ARB_texture_swizzle GL_ARB_texture_view GL_ARB_timer_query GL_ARB_transform_feedback2 GL_ARB_transform_feedback3 GL_ARB_transform_feedback_instanced GL_ARB_transform_feedback_overflow_query GL_ARB_transpose_matrix GL_ARB_uniform_buffer_object GL_ARB_vertex_array_bgra GL_ARB_vertex_array_object GL_ARB_vertex_attrib_64bit GL_ARB_vertex_attrib_binding GL_ARB_vertex_buffer_object GL_ARB_vertex_program GL_ARB_vertex_shader GL_ARB_vertex_type_10f_11f_11f_rev GL_ARB_vertex_type_2_10_10_10_rev GL_ARB_viewport_array GL_ARB_window_pos GL_ATI_separate_stencil GL_EXT_abgr GL_EXT_bgra GL_EXT_blend_color GL_EXT_blend_equation_separate GL_EXT_blend_func_separate GL_EXT_blend_minmax GL_EXT_blend_subtract GL_EXT_clip_volume_hint GL_EXT_compiled_vertex_array GL_EXT_depth_bounds_test GL_EXT_direct_state_access GL_EXT_draw_buffers2 GL_EXT_draw_range_elements GL_EXT_fog_coord GL_EXT_framebuffer_blit GL_EXT_framebuffer_multisample GL_EXT_framebuffer_object GL_EXT_geometry_shader4 GL_EXT_gpu_program_parameters GL_EXT_gpu_shader4 GL_EXT_memory_object GL_EXT_memory_object_win32 GL_EXT_multi_draw_arrays GL_EXT_packed_depth_stencil GL_EXT_packed_float GL_EXT_packed_pixels GL_EXT_polygon_offset_clamp GL_EXT_rescale_normal GL_EXT_secondary_color GL_EXT_semaphore GL_EXT_semaphore_win32 GL_EXT_separate_specular_color GL_EXT_shader_framebuffer_fetch GL_EXT_shader_integer_mix GL_EXT_shadow_funcs GL_EXT_stencil_two_side GL_EXT_stencil_wrap GL_EXT_texture3D GL_EXT_texture_array GL_EXT_texture_compression_s3tc GL_EXT_texture_edge_clamp GL_EXT_texture_env_add GL_EXT_texture_env_combine GL_EXT_texture_filter_anisotropic GL_EXT_texture_integer GL_EXT_texture_lod_bias GL_EXT_texture_rectangle GL_EXT_texture_sRGB GL_EXT_texture_sRGB_decode GL_EXT_texture_shared_exponent GL_EXT_texture_snorm GL_EXT_texture_storage GL_EXT_texture_swizzle GL_EXT_timer_query GL_EXT_transform_feedback GL_IBM_texture_mirrored_repeat GL_INTEL_conservative_rasterization GL_INTEL_fragment_shader_ordering GL_INTEL_framebuffer_CMAA GL_INTEL_map_texture GL_INTEL_multi_rate_fragment_shader GL_INTEL_performance_query GL_KHR_blend_equation_advanced GL_KHR_blend_equation_advanced_coherent GL_KHR_context_flush_control GL_KHR_debug GL_KHR_no_error GL_KHR_shader_subgroup GL_KHR_shader_subgroup_arithmetic GL_KHR_shader_subgroup_ballot GL_KHR_shader_subgroup_basic GL_KHR_shader_subgroup_clustered GL_KHR_shader_subgroup_quad GL_KHR_shader_subgroup_shuffle GL_KHR_shader_subgroup_shuffle_relative GL_KHR_shader_subgroup_vote GL_KHR_texture_compression_astc_ldr GL_NV_blend_square GL_NV_conditional_render GL_NV_primitive_restart GL_NV_texgen_reflection GL_NV_timeline_semaphore GL_OVR_multiview GL_SGIS_generate_mipmap GL_SGIS_texture_edge_clamp GL_SGIS_texture_lod GL_SUN_multi_draw_arrays GL_WIN_swap_hint WGL_EXT_swap_control 
11:27:43: **************************************
11:27:43: ***   OpenGL 3+ Renderer Started   ***
11:27:43: **************************************
11:27:43: Registering ResourceManager for type GpuProgram
11:27:43: GL3+: Using FBOs for rendering to textures
11:27:43: FBO PF_UNKNOWN depth/stencil support: D0S0 D0S1 D0S4 D0S8 D0S16 D16S0 D16S1 D16S4 D16S8 D16S16 D24S0 D24S1 D24S4 D24S8 D24S16 D32S0 D32S1 D32S4 D32S8 D32S16 D32S0 D32S1 D32S4 D32S8 D32S16 Packed-D24S8 Packed-D32S8 
11:27:43: FBO PF_L8 depth/stencil support: D0S0 D0S1 D0S4 D0S8 D0S16 D16S0 D16S1 D16S4 D16S8 D16S16 D24S0 D24S1 D24S4 D24S8 D24S16 D32S0 D32S1 D32S4 D32S8 D32S16 D32S0 D32S1 D32S4 D32S8 D32S16 Packed-D24S8 Packed-D32S8 
11:27:43: FBO PF_L16 depth/stencil support: D0S0 D0S1 D0S4 D0S8 D0S16 D16S0 D16S1 D16S4 D16S8 D16S16 D24S0 D24S1 D24S4 D24S8 D24S16 D32S0 D32S1 D32S4 D32S8 D32S16 D32S0 D32S1 D32S4 D32S8 D32S16 Packed-D24S8 Packed-D32S8 
11:27:43: FBO PF_A8 depth/stencil support: D0S0 D0S1 D0S4 D0S8 D0S16 D16S0 D16S1 D16S4 D16S8 D16S16 D24S0 D24S1 D24S4 D24S8 D24S16 D32S0 D32S1 D32S4 D32S8 D32S16 D32S0 D32S1 D32S4 D32S8 D32S16 Packed-D24S8 Packed-D32S8 
11:27:43: FBO PF_BYTE_LA depth/stencil support: D0S0 D0S1 D0S4 D0S8 D0S16 D16S0 D16S1 D16S4 D16S8 D16S16 D24S0 D24S1 D24S4 D24S8 D24S16 D32S0 D32S1 D32S4 D32S8 D32S16 D32S0 D32S1 D32S4 D32S8 D32S16 Packed-D24S8 Packed-D32S8 
11:27:43: FBO PF_R5G6B5 depth/stencil support: D0S0 D0S1 D0S4 D0S8 D0S16 D16S0 D16S1 D16S4 D16S8 D16S16 D24S0 D24S1 D24S4 D24S8 D24S16 D32S0 D32S1 D32S4 D32S8 D32S16 D32S0 D32S1 D32S4 D32S8 D32S16 Packed-D24S8 Packed-D32S8 
11:27:43: FBO PF_B5G6R5 depth/stencil support: D0S0 D0S1 D0S4 D0S8 D0S16 D16S0 D16S1 D16S4 D16S8 D16S16 D24S0 D24S1 D24S4 D24S8 D24S16 D32S0 D32S1 D32S4 D32S8 D32S16 D32S0 D32S1 D32S4 D32S8 D32S16 Packed-D24S8 Packed-D32S8 
11:27:43: FBO PF_A4R4G4B4 depth/stencil support: D0S0 D0S1 D0S4 D0S8 D0S16 D16S0 D16S1 D16S4 D16S8 D16S16 D24S0 D24S1 D24S4 D24S8 D24S16 D32S0 D32S1 D32S4 D32S8 D32S16 D32S0 D32S1 D32S4 D32S8 D32S16 Packed-D24S8 Packed-D32S8 
11:27:43: FBO PF_A1R5G5B5 depth/stencil support: D0S0 D0S1 D0S4 D0S8 D0S16 D16S0 D16S1 D16S4 D16S8 D16S16 D24S0 D24S1 D24S4 D24S8 D24S16 D32S0 D32S1 D32S4 D32S8 D32S16 D32S0 D32S1 D32S4 D32S8 D32S16 Packed-D24S8 Packed-D32S8 
11:27:43: FBO PF_R8G8B8 depth/stencil support: D0S0 D0S1 D0S4 D0S8 D0S16 D16S0 D16S1 D16S4 D16S8 D16S16 D24S0 D24S1 D24S4 D24S8 D24S16 D32S0 D32S1 D32S4 D32S8 D32S16 D32S0 D32S1 D32S4 D32S8 D32S16 Packed-D24S8 Packed-D32S8 
11:27:43: FBO PF_B8G8R8 depth/stencil support: D0S0 D0S1 D0S4 D0S8 D0S16 D16S0 D16S1 D16S4 D16S8 D16S16 D24S0 D24S1 D24S4 D24S8 D24S16 D32S0 D32S1 D32S4 D32S8 D32S16 D32S0 D32S1 D32S4 D32S8 D32S16 Packed-D24S8 Packed-D32S8 
11:27:43: FBO PF_A8R8G8B8 depth/stencil support: D0S0 D0S1 D0S4 D0S8 D0S16 D16S0 D16S1 D16S4 D16S8 D16S16 D24S0 D24S1 D24S4 D24S8 D24S16 D32S0 D32S1 D32S4 D32S8 D32S16 D32S0 D32S1 D32S4 D32S8 D32S16 Packed-D24S8 Packed-D32S8 
11:27:43: FBO PF_A8B8G8R8 depth/stencil support: D0S0 D0S1 D0S4 D0S8 D0S16 D16S0 D16S1 D16S4 D16S8 D16S16 D24S0 D24S1 D24S4 D24S8 D24S16 D32S0 D32S1 D32S4 D32S8 D32S16 D32S0 D32S1 D32S4 D32S8 D32S16 Packed-D24S8 Packed-D32S8 
11:27:43: FBO PF_B8G8R8A8 depth/stencil support: D0S0 D0S1 D0S4 D0S8 D0S16 D16S0 D16S1 D16S4 D16S8 D16S16 D24S0 D24S1 D24S4 D24S8 D24S16 D32S0 D32S1 D32S4 D32S8 D32S16 D32S0 D32S1 D32S4 D32S8 D32S16 Packed-D24S8 Packed-D32S8 
11:27:43: FBO PF_A2R10G10B10 depth/stencil support: D0S0 D0S1 D0S4 D0S8 D0S16 D16S0 D16S1 D16S4 D16S8 D16S16 D24S0 D24S1 D24S4 D24S8 D24S16 D32S0 D32S1 D32S4 D32S8 D32S16 D32S0 D32S1 D32S4 D32S8 D32S16 Packed-D24S8 Packed-D32S8 
11:27:43: FBO PF_A2B10G10R10 depth/stencil support: D0S0 D0S1 D0S4 D0S8 D0S16 D16S0 D16S1 D16S4 D16S8 D16S16 D24S0 D24S1 D24S4 D24S8 D24S16 D32S0 D32S1 D32S4 D32S8 D32S16 D32S0 D32S1 D32S4 D32S8 D32S16 Packed-D24S8 Packed-D32S8 
11:27:43: FBO PF_FLOAT16_RGB depth/stencil support: D0S0 D0S1 D0S4 D0S8 D0S16 D16S0 D16S1 D16S4 D16S8 D16S16 D24S0 D24S1 D24S4 D24S8 D24S16 D32S0 D32S1 D32S4 D32S8 D32S16 D32S0 D32S1 D32S4 D32S8 D32S16 Packed-D24S8 Packed-D32S8 
11:27:43: FBO PF_FLOAT16_RGBA depth/stencil support: D0S0 D0S1 D0S4 D0S8 D0S16 D16S0 D16S1 D16S4 D16S8 D16S16 D24S0 D24S1 D24S4 D24S8 D24S16 D32S0 D32S1 D32S4 D32S8 D32S16 D32S0 D32S1 D32S4 D32S8 D32S16 Packed-D24S8 Packed-D32S8 
11:27:43: FBO PF_FLOAT32_RGB depth/stencil support: D0S0 D0S1 D0S4 D0S8 D0S16 D16S0 D16S1 D16S4 D16S8 D16S16 D24S0 D24S1 D24S4 D24S8 D24S16 D32S0 D32S1 D32S4 D32S8 D32S16 D32S0 D32S1 D32S4 D32S8 D32S16 Packed-D24S8 Packed-D32S8 
11:27:43: FBO PF_FLOAT32_RGBA depth/stencil support: D0S0 D0S1 D0S4 D0S8 D0S16 D16S0 D16S1 D16S4 D16S8 D16S16 D24S0 D24S1 D24S4 D24S8 D24S16 D32S0 D32S1 D32S4 D32S8 D32S16 D32S0 D32S1 D32S4 D32S8 D32S16 Packed-D24S8 Packed-D32S8 
11:27:43: FBO PF_X8R8G8B8 depth/stencil support: D0S0 D0S1 D0S4 D0S8 D0S16 D16S0 D16S1 D16S4 D16S8 D16S16 D24S0 D24S1 D24S4 D24S8 D24S16 D32S0 D32S1 D32S4 D32S8 D32S16 D32S0 D32S1 D32S4 D32S8 D32S16 Packed-D24S8 Packed-D32S8 
11:27:43: FBO PF_X8B8G8R8 depth/stencil support: D0S0 D0S1 D0S4 D0S8 D0S16 D16S0 D16S1 D16S4 D16S8 D16S16 D24S0 D24S1 D24S4 D24S8 D24S16 D32S0 D32S1 D32S4 D32S8 D32S16 D32S0 D32S1 D32S4 D32S8 D32S16 Packed-D24S8 Packed-D32S8 
11:27:43: FBO PF_R8G8B8A8 depth/stencil support: D0S0 D0S1 D0S4 D0S8 D0S16 D16S0 D16S1 D16S4 D16S8 D16S16 D24S0 D24S1 D24S4 D24S8 D24S16 D32S0 D32S1 D32S4 D32S8 D32S16 D32S0 D32S1 D32S4 D32S8 D32S16 Packed-D24S8 Packed-D32S8 
11:27:43: FBO PF_DEPTH depth/stencil support: D0S0 D0S1 D0S4 D0S8 D0S16 D16S0 D16S1 D16S4 D16S8 D16S16 D24S0 D24S1 D24S4 D24S8 D24S16 D32S0 D32S1 D32S4 D32S8 D32S16 D32S0 D32S1 D32S4 D32S8 D32S16 Packed-D24S8 Packed-D32S8 
11:27:43: FBO PF_SHORT_RGBA depth/stencil support: D0S0 D0S1 D0S4 D0S8 D0S16 D16S0 D16S1 D16S4 D16S8 D16S16 D24S0 D24S1 D24S4 D24S8 D24S16 D32S0 D32S1 D32S4 D32S8 D32S16 D32S0 D32S1 D32S4 D32S8 D32S16 Packed-D24S8 Packed-D32S8 
11:27:43: FBO PF_R3G3B2 depth/stencil support: D0S0 D0S1 D0S4 D0S8 D0S16 D16S0 D16S1 D16S4 D16S8 D16S16 D24S0 D24S1 D24S4 D24S8 D24S16 D32S0 D32S1 D32S4 D32S8 D32S16 D32S0 D32S1 D32S4 D32S8 D32S16 Packed-D24S8 Packed-D32S8 
11:27:43: FBO PF_FLOAT16_R depth/stencil support: D0S0 D0S1 D0S4 D0S8 D0S16 D16S0 D16S1 D16S4 D16S8 D16S16 D24S0 D24S1 D24S4 D24S8 D24S16 D32S0 D32S1 D32S4 D32S8 D32S16 D32S0 D32S1 D32S4 D32S8 D32S16 Packed-D24S8 Packed-D32S8 
11:27:43: FBO PF_FLOAT32_R depth/stencil support: D0S0 D0S1 D0S4 D0S8 D0S16 D16S0 D16S1 D16S4 D16S8 D16S16 D24S0 D24S1 D24S4 D24S8 D24S16 D32S0 D32S1 D32S4 D32S8 D32S16 D32S0 D32S1 D32S4 D32S8 D32S16 Packed-D24S8 Packed-D32S8 
11:27:43: FBO PF_SHORT_GR depth/stencil support: D0S0 D0S1 D0S4 D0S8 D0S16 D16S0 D16S1 D16S4 D16S8 D16S16 D24S0 D24S1 D24S4 D24S8 D24S16 D32S0 D32S1 D32S4 D32S8 D32S16 D32S0 D32S1 D32S4 D32S8 D32S16 Packed-D24S8 Packed-D32S8 
11:27:43: FBO PF_FLOAT16_GR depth/stencil support: D0S0 D0S1 D0S4 D0S8 D0S16 D16S0 D16S1 D16S4 D16S8 D16S16 D24S0 D24S1 D24S4 D24S8 D24S16 D32S0 D32S1 D32S4 D32S8 D32S16 D32S0 D32S1 D32S4 D32S8 D32S16 Packed-D24S8 Packed-D32S8 
11:27:43: FBO PF_FLOAT32_GR depth/stencil support: D0S0 D0S1 D0S4 D0S8 D0S16 D16S0 D16S1 D16S4 D16S8 D16S16 D24S0 D24S1 D24S4 D24S8 D24S16 D32S0 D32S1 D32S4 D32S8 D32S16 D32S0 D32S1 D32S4 D32S8 D32S16 Packed-D24S8 Packed-D32S8 
11:27:43: FBO PF_SHORT_RGB depth/stencil support: D0S0 D0S1 D0S4 D0S8 D0S16 D16S0 D16S1 D16S4 D16S8 D16S16 D24S0 D24S1 D24S4 D24S8 D24S16 D32S0 D32S1 D32S4 D32S8 D32S16 D32S0 D32S1 D32S4 D32S8 D32S16 Packed-D24S8 Packed-D32S8 
11:27:43: FBO PF_R11G11B10_FLOAT depth/stencil support: D0S0 D0S1 D0S4 D0S8 D0S16 D16S0 D16S1 D16S4 D16S8 D16S16 D24S0 D24S1 D24S4 D24S8 D24S16 D32S0 D32S1 D32S4 D32S8 D32S16 D32S0 D32S1 D32S4 D32S8 D32S16 Packed-D24S8 Packed-D32S8 
11:27:43: FBO PF_R8_UINT depth/stencil support: D0S0 D0S1 D0S4 D0S8 D0S16 D16S0 D16S1 D16S4 D16S8 D16S16 D24S0 D24S1 D24S4 D24S8 D24S16 D32S0 D32S1 D32S4 D32S8 D32S16 D32S0 D32S1 D32S4 D32S8 D32S16 Packed-D24S8 Packed-D32S8 
11:27:43: FBO PF_R8G8_UINT depth/stencil support: D0S0 D0S1 D0S4 D0S8 D0S16 D16S0 D16S1 D16S4 D16S8 D16S16 D24S0 D24S1 D24S4 D24S8 D24S16 D32S0 D32S1 D32S4 D32S8 D32S16 D32S0 D32S1 D32S4 D32S8 D32S16 Packed-D24S8 Packed-D32S8 
11:27:43: FBO PF_R8G8B8_UINT depth/stencil support: D0S0 D0S1 D0S4 D0S8 D0S16 D16S0 D16S1 D16S4 D16S8 D16S16 D24S0 D24S1 D24S4 D24S8 D24S16 D32S0 D32S1 D32S4 D32S8 D32S16 D32S0 D32S1 D32S4 D32S8 D32S16 Packed-D24S8 Packed-D32S8 
11:27:43: FBO PF_R8G8B8A8_UINT depth/stencil support: D0S0 D0S1 D0S4 D0S8 D0S16 D16S0 D16S1 D16S4 D16S8 D16S16 D24S0 D24S1 D24S4 D24S8 D24S16 D32S0 D32S1 D32S4 D32S8 D32S16 D32S0 D32S1 D32S4 D32S8 D32S16 Packed-D24S8 Packed-D32S8 
11:27:43: FBO PF_R16_UINT depth/stencil support: D0S0 D0S1 D0S4 D0S8 D0S16 D16S0 D16S1 D16S4 D16S8 D16S16 D24S0 D24S1 D24S4 D24S8 D24S16 D32S0 D32S1 D32S4 D32S8 D32S16 D32S0 D32S1 D32S4 D32S8 D32S16 Packed-D24S8 Packed-D32S8 
11:27:43: FBO PF_R16G16_UINT depth/stencil support: D0S0 D0S1 D0S4 D0S8 D0S16 D16S0 D16S1 D16S4 D16S8 D16S16 D24S0 D24S1 D24S4 D24S8 D24S16 D32S0 D32S1 D32S4 D32S8 D32S16 D32S0 D32S1 D32S4 D32S8 D32S16 Packed-D24S8 Packed-D32S8 
11:27:43: FBO PF_R16G16B16_UINT depth/stencil support: D0S0 D0S1 D0S4 D0S8 D0S16 D16S0 D16S1 D16S4 D16S8 D16S16 D24S0 D24S1 D24S4 D24S8 D24S16 D32S0 D32S1 D32S4 D32S8 D32S16 D32S0 D32S1 D32S4 D32S8 D32S16 Packed-D24S8 Packed-D32S8 
11:27:43: FBO PF_R16G16B16A16_UINT depth/stencil support: D0S0 D0S1 D0S4 D0S8 D0S16 D16S0 D16S1 D16S4 D16S8 D16S16 D24S0 D24S1 D24S4 D24S8 D24S16 D32S0 D32S1 D32S4 D32S8 D32S16 D32S0 D32S1 D32S4 D32S8 D32S16 Packed-D24S8 Packed-D32S8 
11:27:43: FBO PF_R32_UINT depth/stencil support: D0S0 D0S1 D0S4 D0S8 D0S16 D16S0 D16S1 D16S4 D16S8 D16S16 D24S0 D24S1 D24S4 D24S8 D24S16 D32S0 D32S1 D32S4 D32S8 D32S16 D32S0 D32S1 D32S4 D32S8 D32S16 Packed-D24S8 Packed-D32S8 
11:27:43: FBO PF_R32G32_UINT depth/stencil support: D0S0 D0S1 D0S4 D0S8 D0S16 D16S0 D16S1 D16S4 D16S8 D16S16 D24S0 D24S1 D24S4 D24S8 D24S16 D32S0 D32S1 D32S4 D32S8 D32S16 D32S0 D32S1 D32S4 D32S8 D32S16 Packed-D24S8 Packed-D32S8 
11:27:43: FBO PF_R32G32B32_UINT depth/stencil support: D0S0 D0S1 D0S4 D0S8 D0S16 D16S0 D16S1 D16S4 D16S8 D16S16 D24S0 D24S1 D24S4 D24S8 D24S16 D32S0 D32S1 D32S4 D32S8 D32S16 D32S0 D32S1 D32S4 D32S8 D32S16 Packed-D24S8 Packed-D32S8 
11:27:43: FBO PF_R32G32B32A32_UINT depth/stencil support: D0S0 D0S1 D0S4 D0S8 D0S16 D16S0 D16S1 D16S4 D16S8 D16S16 D24S0 D24S1 D24S4 D24S8 D24S16 D32S0 D32S1 D32S4 D32S8 D32S16 D32S0 D32S1 D32S4 D32S8 D32S16 Packed-D24S8 Packed-D32S8 
11:27:43: FBO PF_R8_SINT depth/stencil support: D0S0 D0S1 D0S4 D0S8 D0S16 D16S0 D16S1 D16S4 D16S8 D16S16 D24S0 D24S1 D24S4 D24S8 D24S16 D32S0 D32S1 D32S4 D32S8 D32S16 D32S0 D32S1 D32S4 D32S8 D32S16 Packed-D24S8 Packed-D32S8 
11:27:43: FBO PF_R8G8_SINT depth/stencil support: D0S0 D0S1 D0S4 D0S8 D0S16 D16S0 D16S1 D16S4 D16S8 D16S16 D24S0 D24S1 D24S4 D24S8 D24S16 D32S0 D32S1 D32S4 D32S8 D32S16 D32S0 D32S1 D32S4 D32S8 D32S16 Packed-D24S8 Packed-D32S8 
11:27:43: FBO PF_R8G8B8_SINT depth/stencil support: D0S0 D0S1 D0S4 D0S8 D0S16 D16S0 D16S1 D16S4 D16S8 D16S16 D24S0 D24S1 D24S4 D24S8 D24S16 D32S0 D32S1 D32S4 D32S8 D32S16 D32S0 D32S1 D32S4 D32S8 D32S16 Packed-D24S8 Packed-D32S8 
11:27:43: FBO PF_R8G8B8A8_SINT depth/stencil support: D0S0 D0S1 D0S4 D0S8 D0S16 D16S0 D16S1 D16S4 D16S8 D16S16 D24S0 D24S1 D24S4 D24S8 D24S16 D32S0 D32S1 D32S4 D32S8 D32S16 D32S0 D32S1 D32S4 D32S8 D32S16 Packed-D24S8 Packed-D32S8 
11:27:43: FBO PF_R16_SINT depth/stencil support: D0S0 D0S1 D0S4 D0S8 D0S16 D16S0 D16S1 D16S4 D16S8 D16S16 D24S0 D24S1 D24S4 D24S8 D24S16 D32S0 D32S1 D32S4 D32S8 D32S16 D32S0 D32S1 D32S4 D32S8 D32S16 Packed-D24S8 Packed-D32S8 
11:27:43: FBO PF_R16G16_SINT depth/stencil support: D0S0 D0S1 D0S4 D0S8 D0S16 D16S0 D16S1 D16S4 D16S8 D16S16 D24S0 D24S1 D24S4 D24S8 D24S16 D32S0 D32S1 D32S4 D32S8 D32S16 D32S0 D32S1 D32S4 D32S8 D32S16 Packed-D24S8 Packed-D32S8 
11:27:43: FBO PF_R16G16B16_SINT depth/stencil support: D0S0 D0S1 D0S4 D0S8 D0S16 D16S0 D16S1 D16S4 D16S8 D16S16 D24S0 D24S1 D24S4 D24S8 D24S16 D32S0 D32S1 D32S4 D32S8 D32S16 D32S0 D32S1 D32S4 D32S8 D32S16 Packed-D24S8 Packed-D32S8 
11:27:43: FBO PF_R16G16B16A16_SINT depth/stencil support: D0S0 D0S1 D0S4 D0S8 D0S16 D16S0 D16S1 D16S4 D16S8 D16S16 D24S0 D24S1 D24S4 D24S8 D24S16 D32S0 D32S1 D32S4 D32S8 D32S16 D32S0 D32S1 D32S4 D32S8 D32S16 Packed-D24S8 Packed-D32S8 
11:27:43: FBO PF_R32_SINT depth/stencil support: D0S0 D0S1 D0S4 D0S8 D0S16 D16S0 D16S1 D16S4 D16S8 D16S16 D24S0 D24S1 D24S4 D24S8 D24S16 D32S0 D32S1 D32S4 D32S8 D32S16 D32S0 D32S1 D32S4 D32S8 D32S16 Packed-D24S8 Packed-D32S8 
11:27:43: FBO PF_R32G32_SINT depth/stencil support: D0S0 D0S1 D0S4 D0S8 D0S16 D16S0 D16S1 D16S4 D16S8 D16S16 D24S0 D24S1 D24S4 D24S8 D24S16 D32S0 D32S1 D32S4 D32S8 D32S16 D32S0 D32S1 D32S4 D32S8 D32S16 Packed-D24S8 Packed-D32S8 
11:27:43: FBO PF_R32G32B32_SINT depth/stencil support: D0S0 D0S1 D0S4 D0S8 D0S16 D16S0 D16S1 D16S4 D16S8 D16S16 D24S0 D24S1 D24S4 D24S8 D24S16 D32S0 D32S1 D32S4 D32S8 D32S16 D32S0 D32S1 D32S4 D32S8 D32S16 Packed-D24S8 Packed-D32S8 
11:27:43: FBO PF_R32G32B32A32_SINT depth/stencil support: D0S0 D0S1 D0S4 D0S8 D0S16 D16S0 D16S1 D16S4 D16S8 D16S16 D24S0 D24S1 D24S4 D24S8 D24S16 D32S0 D32S1 D32S4 D32S8 D32S16 D32S0 D32S1 D32S4 D32S8 D32S16 Packed-D24S8 Packed-D32S8 
11:27:43: FBO PF_R8 depth/stencil support: D0S0 D0S1 D0S4 D0S8 D0S16 D16S0 D16S1 D16S4 D16S8 D16S16 D24S0 D24S1 D24S4 D24S8 D24S16 D32S0 D32S1 D32S4 D32S8 D32S16 D32S0 D32S1 D32S4 D32S8 D32S16 Packed-D24S8 Packed-D32S8 
11:27:43: FBO PF_RG8 depth/stencil support: D0S0 D0S1 D0S4 D0S8 D0S16 D16S0 D16S1 D16S4 D16S8 D16S16 D24S0 D24S1 D24S4 D24S8 D24S16 D32S0 D32S1 D32S4 D32S8 D32S16 D32S0 D32S1 D32S4 D32S8 D32S16 Packed-D24S8 Packed-D32S8 
11:27:43: FBO PF_R8_SNORM depth/stencil support: D0S0 D0S1 D0S4 D0S8 D0S16 D16S0 D16S1 D16S4 D16S8 D16S16 D24S0 D24S1 D24S4 D24S8 D24S16 D32S0 D32S1 D32S4 D32S8 D32S16 D32S0 D32S1 D32S4 D32S8 D32S16 Packed-D24S8 Packed-D32S8 
11:27:43: FBO PF_R8G8_SNORM depth/stencil support: D0S0 D0S1 D0S4 D0S8 D0S16 D16S0 D16S1 D16S4 D16S8 D16S16 D24S0 D24S1 D24S4 D24S8 D24S16 D32S0 D32S1 D32S4 D32S8 D32S16 D32S0 D32S1 D32S4 D32S8 D32S16 Packed-D24S8 Packed-D32S8 
11:27:43: FBO PF_R8G8B8_SNORM depth/stencil support: D0S0 D0S1 D0S4 D0S8 D0S16 D16S0 D16S1 D16S4 D16S8 D16S16 D24S0 D24S1 D24S4 D24S8 D24S16 D32S0 D32S1 D32S4 D32S8 D32S16 D32S0 D32S1 D32S4 D32S8 D32S16 Packed-D24S8 Packed-D32S8 
11:27:43: FBO PF_R8G8B8A8_SNORM depth/stencil support: D0S0 D0S1 D0S4 D0S8 D0S16 D16S0 D16S1 D16S4 D16S8 D16S16 D24S0 D24S1 D24S4 D24S8 D24S16 D32S0 D32S1 D32S4 D32S8 D32S16 D32S0 D32S1 D32S4 D32S8 D32S16 Packed-D24S8 Packed-D32S8 
11:27:43: FBO PF_R16_SNORM depth/stencil support: D0S0 D0S1 D0S4 D0S8 D0S16 D16S0 D16S1 D16S4 D16S8 D16S16 D24S0 D24S1 D24S4 D24S8 D24S16 D32S0 D32S1 D32S4 D32S8 D32S16 D32S0 D32S1 D32S4 D32S8 D32S16 Packed-D24S8 Packed-D32S8 
11:27:43: FBO PF_R16G16_SNORM depth/stencil support: D0S0 D0S1 D0S4 D0S8 D0S16 D16S0 D16S1 D16S4 D16S8 D16S16 D24S0 D24S1 D24S4 D24S8 D24S16 D32S0 D32S1 D32S4 D32S8 D32S16 D32S0 D32S1 D32S4 D32S8 D32S16 Packed-D24S8 Packed-D32S8 
11:27:43: FBO PF_R16G16B16_SNORM depth/stencil support: D0S0 D0S1 D0S4 D0S8 D0S16 D16S0 D16S1 D16S4 D16S8 D16S16 D24S0 D24S1 D24S4 D24S8 D24S16 D32S0 D32S1 D32S4 D32S8 D32S16 D32S0 D32S1 D32S4 D32S8 D32S16 Packed-D24S8 Packed-D32S8 
11:27:43: FBO PF_R16G16B16A16_SNORM depth/stencil support: D0S0 D0S1 D0S4 D0S8 D0S16 D16S0 D16S1 D16S4 D16S8 D16S16 D24S0 D24S1 D24S4 D24S8 D24S16 D32S0 D32S1 D32S4 D32S8 D32S16 D32S0 D32S1 D32S4 D32S8 D32S16 Packed-D24S8 Packed-D32S8 
11:27:43: [GL] : Valid FBO targets PF_UNKNOWN PF_L8 PF_L16 PF_A8 PF_BYTE_LA PF_R5G6B5 PF_B5G6R5 PF_A4R4G4B4 PF_A1R5G5B5 PF_R8G8B8 PF_B8G8R8 PF_A8R8G8B8 PF_A8B8G8R8 PF_B8G8R8A8 PF_A2R10G10B10 PF_A2B10G10R10 PF_FLOAT16_RGB PF_FLOAT16_RGBA PF_FLOAT32_RGB PF_FLOAT32_RGBA PF_X8R8G8B8 PF_X8B8G8R8 PF_R8G8B8A8 PF_DEPTH PF_SHORT_RGBA PF_R3G3B2 PF_FLOAT16_R PF_FLOAT32_R PF_SHORT_GR PF_FLOAT16_GR PF_FLOAT32_GR PF_SHORT_RGB PF_R11G11B10_FLOAT PF_R8_UINT PF_R8G8_UINT PF_R8G8B8_UINT PF_R8G8B8A8_UINT PF_R16_UINT PF_R16G16_UINT PF_R16G16B16_UINT PF_R16G16B16A16_UINT PF_R32_UINT PF_R32G32_UINT PF_R32G32B32_UINT PF_R32G32B32A32_UINT PF_R8_SINT PF_R8G8_SINT PF_R8G8B8_SINT PF_R8G8B8A8_SINT PF_R16_SINT PF_R16G16_SINT PF_R16G16B16_SINT PF_R16G16B16A16_SINT PF_R32_SINT PF_R32G32_SINT PF_R32G32B32_SINT PF_R32G32B32A32_SINT PF_R8 PF_RG8 PF_R8_SNORM PF_R8G8_SNORM PF_R8G8B8_SNORM PF_R8G8B8A8_SNORM PF_R16_SNORM PF_R16G16_SNORM PF_R16G16B16_SNORM PF_R16G16B16A16_SNORM 
11:27:43: RenderSystem capabilities
11:27:43: -------------------------
11:27:43: RenderSystem Name: OpenGL 3+ Rendering Subsystem
11:27:43: GPU Vendor: intel
11:27:43: Device Name: Intel(R) UHD Graphics 770
11:27:43: Driver Version: 4.6.0.0
11:27:43:  * Fixed function pipeline: no
11:27:43:  * Anisotropic texture filtering: yes
11:27:43:  * Cube mapping: yes
11:27:43:  * Hardware stencil buffer: yes
11:27:43:    - Stencil depth: 8
11:27:43:    - Two sided stencil support: yes
11:27:43:    - Wrap stencil values: yes
11:27:43:  * 32-bit index buffers: yes
11:27:43:  * Vertex programs: yes
11:27:43:  * Number of floating-point constants for vertex programs: 4096
11:27:43:  * Number of integer constants for vertex programs: 4096
11:27:43:  * Number of boolean constants for vertex programs: 4096
11:27:43:  * Fragment programs: yes
11:27:43:  * Number of floating-point constants for fragment programs: 4096
11:27:43:  * Number of integer constants for fragment programs: 4096
11:27:43:  * Number of boolean constants for fragment programs: 4096
11:27:43:  * Geometry programs: yes
11:27:43:  * Number of floating-point constants for geometry programs: 4096
11:27:43:  * Number of integer constants for geometry programs: 4096
11:27:43:  * Number of boolean constants for geometry programs: 4096
11:27:43:  * Tessellation Hull programs: yes
11:27:43:  * Number of floating-point constants for tessellation hull programs: 4096
11:27:43:  * Number of integer constants for tessellation hull programs: 4096
11:27:43:  * Number of boolean constants for tessellation hull programs: 4096
11:27:43:  * Tessellation Domain programs: yes
11:27:43:  * Number of floating-point constants for tessellation domain programs: 4096
11:27:43:  * Number of integer constants for tessellation domain programs: 4096
11:27:43:  * Number of boolean constants for tessellation domain programs: 4096
11:27:43:  * Compute programs: yes
11:27:43:  * Number of floating-point constants for compute programs: 4096
11:27:43:  * Number of integer constants for compute programs: 4096
11:27:43:  * Number of boolean constants for compute programs: 4096
11:27:43:  * Supported Shader Profiles: glsl glsl130 glsl140 glsl150 glsl330 glsl400 glsl410 glsl420 glsl430 glsl440 glsl450 glsl460
11:27:43:  * Texture Compression: yes
11:27:43:    - DXT: yes
11:27:43:    - VTC: no
11:27:43:    - PVRTC: no
11:27:43:    - ATC: no
11:27:43:    - ETC1: no
11:27:43:    - ETC2: yes
11:27:43:    - BC4/BC5: yes
11:27:43:    - BC6H/BC7: yes
11:27:43:    - ASTC: yes
11:27:43:    - Mipmaps for compressed formats: yes
11:27:43:  * Hardware Occlusion Query: yes
11:27:43:  * User clip planes: yes
11:27:43:  * VET_UBYTE4 vertex element type: yes
11:27:43:  * Infinite far plane projection: yes
11:27:43:  * Hardware render-to-texture: yes
11:27:43:  * Floating point textures: yes
11:27:43:  * Non-power-of-two textures: yes
11:27:43:  * 1d textures: yes
11:27:43:  * Volume textures: yes
11:27:43:  * Multiple Render Targets: 8
11:27:43:    - With different bit depths: yes
11:27:43:  * Point Sprites: yes
11:27:43:  * Wide Lines: yes
11:27:43:  * Hardware Gamma: yes
11:27:43:  * Extended point parameters: yes
11:27:43:  * Max Point Size: 20
11:27:43:  * Vertex texture fetch: yes
11:27:43:  * Number of texture units: 16
11:27:43:  * Number of vertex attributes: 16
11:27:43:  * Stencil buffer depth: 8
11:27:43:  * Number of vertex blend matrices: 0
11:27:43:    - Max vertex textures: 16
11:27:43:    - Vertex textures shared: yes
11:27:43:  * Render to Vertex Buffer : yes
11:27:43:  * Hardware Atomic Counters: yes
11:27:43:  * PBuffer support: no
11:27:43:  * Vertex Array Objects: yes
11:27:43:  * Separate shader objects: yes
11:27:43:  * GLSL SSO redeclare interface block: yes
11:27:43:  * Debugging/ profiling events: yes
11:27:43:  * Map buffer storage: yes
11:27:43: Registering ResourceManager for type Texture
11:27:43: DefaultWorkQueue('Root') initialising on thread 14412.
11:27:43: DefaultWorkQueue('Root')::WorkerFunc - thread 8772 starting.
11:27:43: DefaultWorkQueue('Root')::WorkerFunc - thread 20844 starting.
11:27:43: DefaultWorkQueue('Root')::WorkerFunc - thread 20492 starting.
11:27:43: DefaultWorkQueue('Root')::WorkerFunc - thread 18916 starting.
11:27:43: DefaultWorkQueue('Root')::WorkerFunc - thread 18952 starting.
11:27:43: DefaultWorkQueue('Root')::WorkerFunc - thread 4636 starting.
11:27:43: DefaultWorkQueue('Root')::WorkerFunc - thread 8148 starting.
11:27:43: DefaultWorkQueue('Root')::WorkerFunc - thread 9764 starting.
11:27:43: DefaultWorkQueue('Root')::WorkerFunc - thread 14104 starting.
11:27:43: DefaultWorkQueue('Root')::WorkerFunc - thread 15692 starting.
11:27:43: DefaultWorkQueue('Root')::WorkerFunc - thread 20764 starting.
11:27:43: DefaultWorkQueue('Root')::WorkerFunc - thread 18816 starting.
11:27:43: DefaultWorkQueue('Root')::WorkerFunc - thread 14868 starting.
11:27:43: DefaultWorkQueue('Root')::WorkerFunc - thread 22352 starting.
11:27:43: DefaultWorkQueue('Root')::WorkerFunc - thread 16604 starting.
11:27:43: DefaultWorkQueue('Root')::WorkerFunc - thread 8392 starting.
11:27:43: DefaultWorkQueue('Root')::WorkerFunc - thread 8356 starting.
11:27:43: DefaultWorkQueue('Root')::WorkerFunc - thread 21612 starting.
11:27:43: DefaultWorkQueue('Root')::WorkerFunc - thread 12196 starting.
11:27:43: DefaultWorkQueue('Root')::WorkerFunc - thread 22248 starting.
11:27:43: DefaultWorkQueue('Root')::WorkerFunc - thread 15812 starting.
11:27:43: DefaultWorkQueue('Root')::WorkerFunc - thread 11600 starting.
11:27:43: DefaultWorkQueue('Root')::WorkerFunc - thread 20212 starting.
11:27:43: DefaultWorkQueue('Root')::WorkerFunc - thread 16792 starting.
11:27:43: DefaultWorkQueue('Root')::WorkerFunc - thread 5844 starting.
11:27:43: DefaultWorkQueue('Root')::WorkerFunc - thread 16208 starting.
11:27:43: DefaultWorkQueue('Root')::WorkerFunc - thread 13912 starting.
11:27:43: DefaultWorkQueue('Root')::WorkerFunc - thread 9288 starting.
11:27:43: Particle Renderer Type 'billboard' registered
11:27:43: SceneManagerFactory for type 'BspSceneManager' registered.
11:27:43: Registering SceneLoader Q3BSP
11:27:43: SceneManagerFactory for type 'PCZSceneManager' registered.
11:27:43: MovableObjectFactory for type 'PCZLight' registered.
11:27:43: MovableObjectFactory for type 'Portal' registered.
11:27:43: MovableObjectFactory for type 'AntiPortal' registered.
11:27:43: PCZone Factory Type 'ZoneType_Octree' registered
11:27:43: SceneManagerFactory for type 'OctreeSceneManager' registered.
11:27:43: Creating resource group Essential
11:27:43: Added resource location '../Media/thumbnails' of type 'FileSystem' to resource group 'Essential'
11:27:43: Added resource location '../Media/packs/SdkTrays.zip' of type 'Zip' to resource group 'Essential'
11:27:43: Added resource location '../Media/packs/profiler.zip' of type 'Zip' to resource group 'Essential'
11:27:43: Added resource location '../Media' of type 'FileSystem' to resource group 'General'
11:27:43: Added resource location '../Media/fonts' of type 'FileSystem' to resource group 'General'
11:27:43: Added resource location '../Media/materials/programs' of type 'FileSystem' to resource group 'General'
11:27:43: Added resource location '../Media/IG2App' of type 'FileSystem' to resource group 'General'
11:27:43: Added resource location '../Media/materials/scripts' of type 'FileSystem' to resource group 'General'
11:27:43: Added resource location '../Media/materials/textures' of type 'FileSystem' to resource group 'General'
11:27:43: Added resource location '../Media/models' of type 'FileSystem' to resource group 'General'
11:27:43: Added resource location '../Media/packs/ogredance.zip' of type 'Zip' to resource group 'General'
11:27:43: Added resource location '../Media/packs/Sinbad.zip' of type 'Zip' to resource group 'General'
11:27:43: Added resource location '../Media/packs/dragon.zip' of type 'Zip' to resource group 'General'
11:27:43: Added resource location '../Media/packs/fresneldemo.zip' of type 'Zip' to resource group 'General'
11:27:43: Added resource location '../Media/packs/DamagedHelmet.zip' of type 'Zip' to resource group 'General'
11:27:43: Added resource location '../Media/materials/programs/GLSL120' of type 'FileSystem' to resource group 'General'
11:27:43: Added resource location '../Media/materials/programs/GLSL150' of type 'FileSystem' to resource group 'General'
11:27:43: Added resource location '../Media/materials/programs/GLSL400' of type 'FileSystem' to resource group 'General'
11:27:43: Added resource location '../Media/RTShaderLib/materials' of type 'FileSystem' to resource group 'General'
11:27:43: Added resource location '../Media/RTShaderLib/GLSL' of type 'FileSystem' to resource group 'General'
11:27:43: Parsing scripts for resource group Essential
11:27:43: Parsing script SdkTrays.material
11:27:43: Parsing script OgreProfiler.material
11:27:43: Parsing script SdkTrays.fontdef
11:27:43: Parsing script SdkTrays.overlay
11:27:43: Texture: sdk_cursor.png: Loading 1 faces(PF_A8B8G8R8,32x32x1) with 5 hardware generated mipmaps from Image. Internal format is PF_A8B8G8R8,32x32x1.
11:27:43: Texture: sdk_tray.png: Loading 1 faces(PF_A8B8G8R8,64x64x1) with 6 hardware generated mipmaps from Image. Internal format is PF_A8B8G8R8,64x64x1.
11:27:43: Texture: sdk_button_up.png: Loading 1 faces(PF_A8B8G8R8,128x32x1) with 7 hardware generated mipmaps from Image. Internal format is PF_A8B8G8R8,128x32x1.
11:27:43: Texture: sdk_text_box.png: Loading 1 faces(PF_A8B8G8R8,32x32x1) with 5 hardware generated mipmaps from Image. Internal format is PF_A8B8G8R8,32x32x1.
11:27:43: Texture: sdk_mini_tray.png: Loading 1 faces(PF_A8B8G8R8,32x32x1) with 5 hardware generated mipmaps from Image. Internal format is PF_A8B8G8R8,32x32x1.
11:27:43: Texture: sdk_track.png: Loading 1 faces(PF_A8B8G8R8,16x32x1) with 5 hardware generated mipmaps from Image. Internal format is PF_A8B8G8R8,16x32x1.
11:27:43: Texture: sdk_handle.png: Loading 1 faces(PF_A8B8G8R8,16x16x1) with 4 hardware generated mipmaps from Image. Internal format is PF_A8B8G8R8,16x16x1.
11:27:43: Texture: sdk_mini_text_box.png: Loading 1 faces(PF_A8B8G8R8,32x32x1) with 5 hardware generated mipmaps from Image. Internal format is PF_A8B8G8R8,32x32x1.
11:27:43: Texture: sdk_label.png: Loading 1 faces(PF_A8B8G8R8,32x32x1) with 5 hardware generated mipmaps from Image. Internal format is PF_A8B8G8R8,32x32x1.
11:27:43: Texture: sdk_separator.png: Loading 1 faces(PF_A8B8G8R8,64x16x1) with 6 hardware generated mipmaps from Image. Internal format is PF_A8B8G8R8,64x16x1.
11:27:43: Texture: sdk_logo.png: Loading 1 faces(PF_A8B8G8R8,128x64x1) with 7 hardware generated mipmaps from Image. Internal format is PF_A8B8G8R8,128x64x1.
11:27:43: Texture: sdk_shade.png: Loading 1 faces(PF_A8B8G8R8,64x48x1) with 6 hardware generated mipmaps from Image. Internal format is PF_A8B8G8R8,64x48x1.
11:27:43: Texture: sdk_frame.png: Loading 1 faces(PF_A8B8G8R8,32x32x1) with 5 hardware generated mipmaps from Image. Internal format is PF_A8B8G8R8,32x32x1.
11:27:43: Texture: sdk_mini_text_box_over.png: Loading 1 faces(PF_A8B8G8R8,32x32x1) with 5 hardware generated mipmaps from Image. Internal format is PF_A8B8G8R8,32x32x1.
11:27:43: Texture: sdk_pulse.png: Loading 1 faces(PF_B8G8R8,8x1x1) with 3 hardware generated mipmaps from Image. Internal format is PF_B8G8R8,8x1x1.
11:27:43: Finished parsing scripts for resource group Essential
11:27:43: Creating resources for group Essential
11:27:43: All done
11:27:43: Parsing scripts for resource group General
11:27:43: Parsing script DualQuaternion.program
11:27:43: Parsing script Examples.program
11:27:43: Ogre::InvalidParametersException::InvalidParametersException: Parameter called diffuse does not exist.  in GpuProgramParameters::_findNamedConstantDefinition at d:\fdi\ig2_18_19\ogre-master\ogremain\src\ogregpuprogramparams.cpp (line 2210)
11:27:43: Error: ScriptCompiler - invalid parameters in Examples.program(311): setting of constant failed
11:27:43: Parsing script Instancing.program
11:27:43: 'shadows.glsl' WARNING: 0:31: '' :  #version directive missing
11:27:43: 'Instancing.frag' WARNING: 0:6: '' :  #version directive missing
11:27:43: Parsing script StdQuad_vp.program
11:27:43: 'StdQuad_Tex2_vp.glsl' WARNING: 0:1: '' :  #version directive missing
11:27:43: 'StdQuad_Tex2a_vp.glsl' WARNING: 0:1: '' :  #version directive missing
11:27:43: 'StdQuad_Tex3_vp.glsl' WARNING: 0:1: '' :  #version directive missing
11:27:43: 'StdQuad_Tex4_vp.glsl' WARNING: 0:1: '' :  #version directive missing
11:27:43: Parsing script AdaptivePNTrianglesTessellation.material
11:27:43: Parsing script ASCII.material
11:27:43: Parsing script AtomicCounters.material
11:27:43: Parsing script BlackAndWhite.material
11:27:43: 'GrayScale.glsl' WARNING: 0:1: '' :  #version directive missing
11:27:43: Parsing script Bloom2.material
11:27:43: 'Blur_vs.glsl' WARNING: 0:1: '' :  #version directive missing
11:27:43: 'Bloom2_ps20.glsl' WARNING: 0:9: '' :  #version directive missing
11:27:43: 'BrightBloom2_ps20.glsl' WARNING: 0:12: '' :  #version directive missing
11:27:43: Parsing script CompositorDemo.material
11:27:43: Parsing script Compute.material
11:27:43: Parsing script DamagedHelmet.material
11:27:43: Ogre::FileNotFoundException::FileNotFoundException: Cannot locate resource glTF2_PBR.material in resource group General. in ResourceGroupManager::openResource at d:\fdi\ig2_18_19\ogre-master\ogremain\src\ogreresourcegroupmanager.cpp (line 698)
11:27:43: Error: ScriptCompiler - unknown error in DamagedHelmet.material(3): base object named "glTF2/PBR" not found in script definition
11:27:43: Parsing script DepthShadowmap.material
11:27:43: Parsing script Dither.material
11:27:43: Parsing script DOF.material
11:27:43: Parsing script DualQuaternion.material
11:27:43: Parsing script Embossed.material
11:27:43: Parsing script Examples-Advanced.material
11:27:43: 'PassthroughFP.glsl' WARNING: 0:1: '' :  #version directive missing
11:27:43: Error: ScriptCompiler - object unsupported by render system in Examples-Advanced.material(941): , Shader name: Examples/TextureArrayPSasm
11:27:43: Parsing script Examples-DynTex.material
11:27:43: Parsing script Examples-Water.material
11:27:43: Parsing script Examples.material
11:27:43: Parsing script facial.material
11:27:43: Parsing script FluidSim.material
11:27:43: Parsing script Glass.material
11:27:43: 'GlassFP.glsl' WARNING: 0:1: '' :  #version directive missing
11:27:43: Parsing script Hair.material
11:27:43: Parsing script Halftone.material
11:27:43: Parsing script hdr.material
11:27:43: 'hdr_tonemap_util.glsl' WARNING: 0:1: '' :  #version directive missing
11:27:43: Parsing script HeatVision.material
11:27:43: Parsing script Hurt.material
11:27:43: Parsing script HWInstancing.material
11:27:43: Parsing script HW_VTFInstancing.material
11:27:43: Parsing script HW_VTF_LUTInstancing.material
11:27:43: Parsing script instancing.material
11:27:43: Parsing script InstancingMisc.material
11:27:43: Parsing script Invert.material
11:27:43: Parsing script Island.material
11:27:43: Parsing script IsoSurf.material
11:27:43: Parsing script Laplace.material
11:27:43: Parsing script MotionBlur.material
11:27:43: Parsing script MRTtest.material
11:27:43: Parsing script NightVision.material
11:27:43: Parsing script Ocean.material
11:27:43: 'oceanGLSL.vert' WARNING: 0:10: '' :  #version directive missing
11:27:43: 'oceanGLSL.frag' WARNING: 0:10: '' :  #version directive missing
11:27:43: 'Ocean2GLSL.vert' WARNING: 0:22: '' :  #version directive missing
11:27:43: 'Ocean2GLSL.frag' WARNING: 0:23: '' :  #version directive missing
11:27:43: Parsing script OffsetMapping.material
11:27:43: Error: ScriptCompiler - object unsupported by render system in OffsetMapping.material(35): , Shader name: Examples/OffsetMappingPS/Asm
11:27:43: Parsing script Ogre.material
11:27:43: Parsing script OldMovie.material
11:27:43: Parsing script OldTV.material
11:27:43: Parsing script ParticleGS.material
11:27:43: Parsing script Penguin.material
11:27:43: Parsing script Posterize.material
11:27:43: Parsing script pssm.material
11:27:43: Parsing script RadialBlur.material
11:27:43: Parsing script RasterizationOrder.material
11:27:43: Parsing script RZR-002.material
11:27:43: Parsing script ShaderInstancing.material
11:27:43: Parsing script ShaderSystem.material
11:27:43: Parsing script shadows.material
11:27:43: Parsing script SharpenEdges.material
11:27:43: Parsing script sibenik.material
11:27:43: Parsing script smoke.material
11:27:43: Parsing script Swizzle.material
11:27:43: 'PassthroughVP.glsl' WARNING: 0:1: '' :  #version directive missing
11:27:43: 'PassthroughFP.glsl' WARNING: 0:1: '' :  #version directive missing
11:27:43: Parsing script TerrainTessellation.material
11:27:43: Parsing script Tessellation.material
11:27:43: Parsing script Tiling.material
11:27:43: Parsing script VarianceShadowmap.material
11:27:43: Parsing script VTFInstancing.material
11:27:43: Parsing script Sinbad.material
11:27:43: Parsing script RomanBath.material
11:27:43: Parsing script DualQuaternionSkinning_Shadow.material
11:27:43: Parsing script HardwareSkinningShadow.material
11:27:43: Parsing script RTShaderSystem.material
11:27:43: Parsing script TriplanarTexturing.material
11:27:43: Parsing script Examples.compositor
11:27:43: Finished parsing scripts for resource group General
11:27:43: Creating resources for group General
11:27:43: All done
11:27:43: Parsing scripts for resource group OgreAutodetect
11:27:43: Finished parsing scripts for resource group OgreAutodetect
11:27:43: Creating resources for group OgreAutodetect
11:27:43: All done
11:27:43: Parsing scripts for resource group OgreInternal
11:27:43: Finished parsing scripts for resource group OgreInternal
11:27:43: Creating resources for group OgreInternal
11:27:43: All done
11:27:43: Mesh: Loading cube.mesh.
11:27:43: Mesh: Loading sphere.mesh.
11:27:43: Mesh: Loading Sinbad.mesh.
11:27:43: Skeleton: Loading Sinbad.skeleton
11:27:43: Texture: sinbad_body.tga: Loading 1 faces(PF_B8G8R8,512x512x1) with 9 hardware generated mipmaps from Image. Internal format is PF_B8G8R8,512x512x1.
11:27:43: Texture: sinbad_clothes.tga: Loading 1 faces(PF_B8G8R8,512x512x1) with 9 hardware generated mipmaps from Image. Internal format is PF_B8G8R8,512x512x1.
11:27:43: Texture: sinbad_sword.tga: Loading 1 faces(PF_B8G8R8,256x256x1) with 8 hardware generated mipmaps from Image. Internal format is PF_B8G8R8,256x256x1.
11:27:43: Warning: the mesh 'Sinbad.mesh' includes vertices with more than 4 bone assignments. The lowest weighted assignments beyond this limit have been removed, so your animation may look slightly different. To eliminate this, reduce the number of bone assignments per vertex on your mesh to 4.
11:27:43: Font SdkTrays/Caption using texture size 256x256
11:27:43: Texture: SdkTrays/CaptionTexture: Loading 1 faces(PF_BYTE_LA,256x256x1) Internal format is PF_BYTE_LA,256x256x1.
11:27:43: Font SdkTrays/Value using texture size 512x256
11:27:43: Texture: SdkTrays/ValueTexture: Loading 1 faces(PF_BYTE_LA,512x256x1) Internal format is PF_BYTE_LA,512x256x1.
11:27:49: Unregistering ResourceManager for type Font
11:27:49: DefaultWorkQueue('Root') shutting down on thread 14412.
11:27:49: DefaultWorkQueue('Root')::WorkerFunc - thread 18916 stopped.
1111::27:27:49: 49DefaultWorkQueue('Root')::WorkerFunc - thread 22248 stopped.: DefaultWorkQueue('Root')::WorkerFunc - thread 18816 stopped.11

:27:49: DefaultWorkQueue('Root')::WorkerFunc - thread 13912 stopped.
11:27:49: DefaultWorkQueue('Root')::WorkerFunc - thread 16208 stopped.
11:27:49: 11DefaultWorkQueue('Root')::WorkerFunc - thread 18952 stopped.:11
:2727::4949: DefaultWorkQueue('Root')::WorkerFunc - thread 8772 stopped.11111111:::: 27:49: 1111:DefaultWorkQueue('Root')::WorkerFunc - thread 22352 stopped.
27112727:
::27:DefaultWorkQueue('Root')::WorkerFunc - thread 20844 stopped.:4949: DefaultWorkQueue('Root')::WorkerFunc - thread 9288 stopped.: 
2711DefaultWorkQueue('Root')::WorkerFunc - thread 8148 stopped.:

:11490:: DefaultWorkQueue('Root')::WorkerFunc - thread 21612 stopped.111127
1111::2727:49: DefaultWorkQueue('Root')::WorkerFunc - thread 15692 stopped.::274927
:1149::491149:: : 11DefaultWorkQueue('Root')::WorkerFunc - thread 15812 stopped.: DefaultWorkQueue('Root')::WorkerFunc - thread 11600 stopped.DefaultWorkQueue('Root')::WorkerFunc - thread 4636 stopped.27
11

::2749::: 27:49: 11DefaultWorkQueue('Root')::WorkerFunc - thread 12196 stopped.::4927: :27
49DefaultWorkQueue('Root')::WorkerFunc - thread 14868 stopped.DefaultWorkQueue('Root')::WorkerFunc - thread 9764 stopped.
: : 
::0:49: 27DefaultWorkQueue('Root')::WorkerFunc - thread 20764 stopped.DefaultWorkQueue('Root')::WorkerFunc - thread 20212 stopped.:

DefaultWorkQueue('Root')::WorkerFunc - thread 16792 stopped.
:49: DefaultWorkQueue('Root')::WorkerFunc - thread 8356 stopped.49
27: :DefaultWorkQueue('Root')::WorkerFunc - thread 5844 stopped.4911
: DefaultWorkQueue('Root')::WorkerFunc - thread 16604 stopped.:1127::49
2749:: 49: : DefaultWorkQueue('Root')::WorkerFunc - thread 8392 stopped.DefaultWorkQueue('Root')::WorkerFunc - thread 14104 stopped.DefaultWorkQueue('Root')::WorkerFunc - thread 20492 stopped.


11:27:49: PCZone Factory Type 'ZoneType_Octree' unregistered
11:27:49: *-*-* OGRE Shutdown
11:27:49: Unregistering ResourceManager for type Compositor
11:27:49: Uninstalling plugin: Octree Scene Manager
11:27:49: Plugin successfully uninstalled
11:27:49: Unloading library U:/hlocal/chelo/IG2/bin/.\Plugin_OctreeSceneManager
11:27:49: Uninstalling plugin: Octree Zone Factory
11:27:49: Plugin successfully uninstalled
11:27:49: Unloading library U:/hlocal/chelo/IG2/bin/.\Plugin_OctreeZone
11:27:49: Uninstalling plugin: Portal Connected Zone Scene Manager
11:27:49: Plugin successfully uninstalled
11:27:49: Unloading library U:/hlocal/chelo/IG2/bin/.\Plugin_PCZSceneManager
11:27:49: Unloading library U:/hlocal/chelo/IG2/bin/.\Codec_STBI
11:27:49: Uninstalling plugin: BSP Scene Manager
11:27:49: Plugin successfully uninstalled
11:27:49: Unloading library U:/hlocal/chelo/IG2/bin/.\Plugin_BSPSceneManager
11:27:49: Uninstalling plugin: ParticleFX
11:27:49: Plugin successfully uninstalled
11:27:49: Unloading library U:/hlocal/chelo/IG2/bin/.\Plugin_ParticleFX
11:27:49: Uninstalling plugin: GL 3+ RenderSystem
11:27:49: Unregistering ResourceManager for type GpuProgram
11:27:49: Unregistering ResourceManager for type Texture
11:27:49: *** Stopping Win32GL Subsystem ***
11:27:49: Plugin successfully uninstalled
11:27:49: Unloading library U:/hlocal/chelo/IG2/bin/.\RenderSystem_GL3Plus
11:27:49: Uninstalling plugin: GL RenderSystem
11:27:49: *** Stopping Win32GL Subsystem ***
11:27:49: Plugin successfully uninstalled
11:27:49: Unloading library U:/hlocal/chelo/IG2/bin/.\RenderSystem_GL
11:27:49: Unregistering ResourceManager for type Skeleton
11:27:49: Unregistering ResourceManager for type Mesh
11:27:49: Unregistering ResourceManager for type HighLevelGpuProgram
11:27:49: Unregistering ResourceManager for type Material
