06:01:48: Creating resource group General
06:01:48: Creating resource group OgreInternal
06:01:48: Creating resource group OgreAutodetect
06:01:48: SceneManagerFactory for type 'DefaultSceneManager' registered.
06:01:48: Registering ResourceManager for type Material
06:01:48: Registering ResourceManager for type Mesh
06:01:48: Registering ResourceManager for type Skeleton
06:01:48: MovableObjectFactory for type 'ParticleSystem' registered.
06:01:48: ArchiveFactory for archive type FileSystem registered.
06:01:48: ArchiveFactory for archive type Zip registered.
06:01:48: ArchiveFactory for archive type EmbeddedZip registered.
06:01:48: DDS codec registering
06:01:48: ETC codec registering
06:01:48: Registering ResourceManager for type HighLevelGpuProgram
06:01:48: Registering ResourceManager for type Compositor
06:01:48: MovableObjectFactory for type 'Entity' registered.
06:01:48: MovableObjectFactory for type 'Light' registered.
06:01:48: MovableObjectFactory for type 'BillboardSet' registered.
06:01:48: MovableObjectFactory for type 'ManualObject' registered.
06:01:48: MovableObjectFactory for type 'BillboardChain' registered.
06:01:48: MovableObjectFactory for type 'RibbonTrail' registered.
06:01:48: Loading library E:/Programas/OneDrive - UCM/UCM/3/1C/ig2/IG2/practica 2/bin/.\RenderSystem_GL
06:01:48: Installing plugin: GL RenderSystem
06:01:48: OpenGL Rendering Subsystem created.
06:01:48: Plugin successfully installed
06:01:48: Loading library E:/Programas/OneDrive - UCM/UCM/3/1C/ig2/IG2/practica 2/bin/.\RenderSystem_GL3Plus
06:01:48: Installing plugin: GL 3+ RenderSystem
06:01:48: OpenGL 3+ Rendering Subsystem created.
06:01:48: Plugin successfully installed
06:01:48: Loading library E:/Programas/OneDrive - UCM/UCM/3/1C/ig2/IG2/practica 2/bin/.\Plugin_ParticleFX
06:01:48: Installing plugin: ParticleFX
06:01:48: Particle Emitter Type 'Point' registered
06:01:48: Particle Emitter Type 'Box' registered
06:01:48: Particle Emitter Type 'Ellipsoid' registered
06:01:48: Particle Emitter Type 'Cylinder' registered
06:01:48: Particle Emitter Type 'Ring' registered
06:01:48: Particle Emitter Type 'HollowEllipsoid' registered
06:01:48: Particle Affector Type 'LinearForce' registered
06:01:48: Particle Affector Type 'ColourFader' registered
06:01:48: Particle Affector Type 'ColourFader2' registered
06:01:48: Particle Affector Type 'ColourImage' registered
06:01:48: Particle Affector Type 'ColourInterpolator' registered
06:01:48: Particle Affector Type 'Scaler' registered
06:01:48: Particle Affector Type 'Rotator' registered
06:01:48: Particle Affector Type 'DirectionRandomiser' registered
06:01:48: Particle Affector Type 'DeflectorPlane' registered
06:01:48: Plugin successfully installed
06:01:48: Loading library E:/Programas/OneDrive - UCM/UCM/3/1C/ig2/IG2/practica 2/bin/.\Plugin_BSPSceneManager
06:01:48: Installing plugin: BSP Scene Manager
06:01:48: Plugin successfully installed
06:01:48: Loading library E:/Programas/OneDrive - UCM/UCM/3/1C/ig2/IG2/practica 2/bin/.\Codec_STBI
06:01:48: stb_image - v2.19 - public domain JPEG/PNG reader
06:01:48: Supported formats: jpeg,jpg,png,bmp,psd,tga,gif,pic,ppm,pgm,hdr
06:01:48: Loading library E:/Programas/OneDrive - UCM/UCM/3/1C/ig2/IG2/practica 2/bin/.\Plugin_PCZSceneManager
06:01:48: Installing plugin: Portal Connected Zone Scene Manager
06:01:48: PCZone Factory Type 'ZoneType_Default' registered
06:01:48: Plugin successfully installed
06:01:48: Loading library E:/Programas/OneDrive - UCM/UCM/3/1C/ig2/IG2/practica 2/bin/.\Plugin_OctreeZone
06:01:48: Installing plugin: Octree Zone Factory
06:01:48: Plugin successfully installed
06:01:48: Loading library E:/Programas/OneDrive - UCM/UCM/3/1C/ig2/IG2/practica 2/bin/.\Plugin_OctreeSceneManager
06:01:48: Installing plugin: Octree Scene Manager
06:01:48: Plugin successfully installed
06:01:48: *-*-* OGRE Initialising
06:01:48: *-*-* Version 1.11.2 (Rhagorthua)
06:01:48: OverlayElementFactory for type Panel registered.
06:01:48: OverlayElementFactory for type BorderPanel registered.
06:01:48: OverlayElementFactory for type TextArea registered.
06:01:48: Registering ResourceManager for type Font
06:01:48: CPU Identifier & Features
06:01:48: -------------------------
06:01:48:  *   CPU ID: GenuineIntel: Intel(R) Core(TM) i7-8750H CPU @ 2.20GHz
06:01:48:  *          SSE: yes
06:01:48:  *         SSE2: yes
06:01:48:  *         SSE3: yes
06:01:48:  *        SSE41: yes
06:01:48:  *        SSE42: yes
06:01:48:  *          MMX: yes
06:01:48:  *       MMXEXT: yes
06:01:48:  *        3DNOW: no
06:01:48:  *     3DNOWEXT: no
06:01:48:  *         CMOV: yes
06:01:48:  *          TSC: yes
06:01:48:  *INVARIANT TSC: yes
06:01:48:  *          FPU: yes
06:01:48:  *          PRO: yes
06:01:48:  *           HT: no
06:01:48: -------------------------
06:01:48: *** Starting Win32GL Subsystem ***
06:01:48: Registering ResourceManager for type Texture
06:01:48: GLRenderSystem::_createRenderWindow "IG2App", 1024x768 windowed  miscParams: FSAA=0 externalWindowHandle=3934326 gamma=No vsync=Yes 
06:01:48: Supported WGL extensions: WGL_ARB_buffer_region WGL_ARB_create_context WGL_ARB_create_context_no_error WGL_ARB_create_context_profile WGL_ARB_create_context_robustness WGL_ARB_context_flush_control WGL_ARB_extensions_string WGL_ARB_make_current_read WGL_ARB_multisample WGL_ARB_pbuffer WGL_ARB_pixel_format WGL_ARB_pixel_format_float WGL_ARB_render_texture WGL_ATI_pixel_format_float WGL_EXT_colorspace WGL_EXT_create_context_es_profile WGL_EXT_create_context_es2_profile WGL_EXT_extensions_string WGL_EXT_framebuffer_sRGB WGL_EXT_pixel_format_packed_float WGL_EXT_swap_control WGL_EXT_swap_control_tear WGL_NVX_DX_interop WGL_NV_DX_interop WGL_NV_DX_interop2 WGL_NV_copy_image WGL_NV_delay_before_swap WGL_NV_float_buffer WGL_NV_multisample_coverage WGL_NV_multigpu_context WGL_NV_render_depth_texture WGL_NV_render_texture_rectangle 
06:01:48: GL_VERSION = 4.6.0 NVIDIA 561.09
06:01:48: GL_VENDOR = NVIDIA Corporation
06:01:48: GL_RENDERER = NVIDIA GeForce GTX 1070/PCIe/SSE2
06:01:48: GL_EXTENSIONS = GL_AMD_multi_draw_indirect GL_AMD_seamless_cubemap_per_texture GL_AMD_vertex_shader_viewport_index GL_AMD_vertex_shader_layer GL_ARB_arrays_of_arrays GL_ARB_base_instance GL_ARB_bindless_texture GL_ARB_blend_func_extended GL_ARB_buffer_storage GL_ARB_clear_buffer_object GL_ARB_clear_texture GL_ARB_clip_control GL_ARB_color_buffer_float GL_ARB_compatibility GL_ARB_compressed_texture_pixel_storage GL_ARB_conservative_depth GL_ARB_compute_shader GL_ARB_compute_variable_group_size GL_ARB_conditional_render_inverted GL_ARB_copy_buffer GL_ARB_copy_image GL_ARB_cull_distance GL_ARB_debug_output GL_ARB_depth_buffer_float GL_ARB_depth_clamp GL_ARB_depth_texture GL_ARB_derivative_control GL_ARB_direct_state_access GL_ARB_draw_buffers GL_ARB_draw_buffers_blend GL_ARB_draw_indirect GL_ARB_draw_elements_base_vertex GL_ARB_draw_instanced GL_ARB_enhanced_layouts GL_ARB_ES2_compatibility GL_ARB_ES3_compatibility GL_ARB_ES3_1_compatibility GL_ARB_ES3_2_compatibility GL_ARB_explicit_attrib_location GL_ARB_explicit_uniform_location GL_ARB_fragment_coord_conventions GL_ARB_fragment_layer_viewport GL_ARB_fragment_program GL_ARB_fragment_program_shadow GL_ARB_fragment_shader GL_ARB_fragment_shader_interlock GL_ARB_framebuffer_no_attachments GL_ARB_framebuffer_object GL_ARB_framebuffer_sRGB GL_ARB_geometry_shader4 GL_ARB_get_program_binary GL_ARB_get_texture_sub_image GL_ARB_gl_spirv GL_ARB_gpu_shader5 GL_ARB_gpu_shader_fp64 GL_ARB_gpu_shader_int64 GL_ARB_half_float_pixel GL_ARB_half_float_vertex GL_ARB_imaging GL_ARB_indirect_parameters GL_ARB_instanced_arrays GL_ARB_internalformat_query GL_ARB_internalformat_query2 GL_ARB_invalidate_subdata GL_ARB_map_buffer_alignment GL_ARB_map_buffer_range GL_ARB_multi_bind GL_ARB_multi_draw_indirect GL_ARB_multisample GL_ARB_multitexture GL_ARB_occlusion_query GL_ARB_occlusion_query2 GL_ARB_parallel_shader_compile GL_ARB_pipeline_statistics_query GL_ARB_pixel_buffer_object GL_ARB_point_parameters GL_ARB_point_sprite GL_ARB_polygon_offset_clamp GL_ARB_post_depth_coverage GL_ARB_program_interface_query GL_ARB_provoking_vertex GL_ARB_query_buffer_object GL_ARB_robust_buffer_access_behavior GL_ARB_robustness GL_ARB_sample_locations GL_ARB_sample_shading GL_ARB_sampler_objects GL_ARB_seamless_cube_map GL_ARB_seamless_cubemap_per_texture GL_ARB_separate_shader_objects GL_ARB_shader_atomic_counter_ops GL_ARB_shader_atomic_counters GL_ARB_shader_ballot GL_ARB_shader_bit_encoding GL_ARB_shader_clock GL_ARB_shader_draw_parameters GL_ARB_shader_group_vote GL_ARB_shader_image_load_store GL_ARB_shader_image_size GL_ARB_shader_objects GL_ARB_shader_precision GL_ARB_shader_storage_buffer_object GL_ARB_shader_subroutine GL_ARB_shader_texture_image_samples GL_ARB_shader_texture_lod GL_ARB_shading_language_100 GL_ARB_shader_viewport_layer_array GL_ARB_shading_language_420pack GL_ARB_shading_language_include GL_ARB_shading_language_packing GL_ARB_shadow GL_ARB_sparse_buffer GL_ARB_sparse_texture GL_ARB_sparse_texture2 GL_ARB_sparse_texture_clamp GL_ARB_spirv_extensions GL_ARB_stencil_texturing GL_ARB_sync GL_ARB_tessellation_shader GL_ARB_texture_barrier GL_ARB_texture_border_clamp GL_ARB_texture_buffer_object GL_ARB_texture_buffer_object_rgb32 GL_ARB_texture_buffer_range GL_ARB_texture_compression GL_ARB_texture_compression_bptc GL_ARB_texture_compression_rgtc GL_ARB_texture_cube_map GL_ARB_texture_cube_map_array GL_ARB_texture_env_add GL_ARB_texture_env_combine GL_ARB_texture_env_crossbar GL_ARB_texture_env_dot3 GL_ARB_texture_filter_anisotropic GL_ARB_texture_filter_minmax GL_ARB_texture_float GL_ARB_texture_gather GL_ARB_texture_mirror_clamp_to_edge GL_ARB_texture_mirrored_repeat GL_ARB_texture_multisample GL_ARB_texture_non_power_of_two GL_ARB_texture_query_levels GL_ARB_texture_query_lod GL_ARB_texture_rectangle GL_ARB_texture_rg GL_ARB_texture_rgb10_a2ui GL_ARB_texture_stencil8 GL_ARB_texture_storage GL_ARB_texture_storage_multisample GL_ARB_texture_swizzle GL_ARB_texture_view GL_ARB_timer_query GL_ARB_transform_feedback2 GL_ARB_transform_feedback3 GL_ARB_transform_feedback_instanced GL_ARB_transform_feedback_overflow_query GL_ARB_transpose_matrix GL_ARB_uniform_buffer_object GL_ARB_vertex_array_bgra GL_ARB_vertex_array_object GL_ARB_vertex_attrib_64bit GL_ARB_vertex_attrib_binding GL_ARB_vertex_buffer_object GL_ARB_vertex_program GL_ARB_vertex_shader GL_ARB_vertex_type_10f_11f_11f_rev GL_ARB_vertex_type_2_10_10_10_rev GL_ARB_viewport_array GL_ARB_window_pos GL_ATI_draw_buffers GL_ATI_texture_float GL_ATI_texture_mirror_once GL_S3_s3tc GL_EXT_texture_env_add GL_EXT_abgr GL_EXT_bgra GL_EXT_bindable_uniform GL_EXT_blend_color GL_EXT_blend_equation_separate GL_EXT_blend_func_separate GL_EXT_blend_minmax GL_EXT_blend_subtract GL_EXT_compiled_vertex_array GL_EXT_Cg_shader GL_EXT_depth_bounds_test GL_EXT_direct_state_access GL_EXT_draw_buffers2 GL_EXT_draw_instanced GL_EXT_draw_range_elements GL_EXT_fog_coord GL_EXT_framebuffer_blit GL_EXT_framebuffer_multisample GL_EXTX_framebuffer_mixed_formats GL_EXT_framebuffer_multisample_blit_scaled GL_EXT_framebuffer_object GL_EXT_framebuffer_sRGB GL_EXT_geometry_shader4 GL_EXT_gpu_program_parameters GL_EXT_gpu_shader4 GL_EXT_multi_draw_arrays GL_EXT_multiview_texture_multisample GL_EXT_multiview_timer_query GL_EXT_packed_depth_stencil GL_EXT_packed_float GL_EXT_packed_pixels GL_EXT_pixel_buffer_object GL_EXT_point_parameters GL_EXT_polygon_offset_clamp GL_EXT_post_depth_coverage GL_EXT_provoking_vertex GL_EXT_raster_multisample GL_EXT_rescale_normal GL_EXT_secondary_color GL_EXT_separate_shader_objects GL_EXT_separate_specular_color GL_EXT_shader_image_load_formatted GL_EXT_shader_image_load_store GL_EXT_shader_integer_mix GL_EXT_shadow_funcs GL_EXT_sparse_texture2 GL_EXT_stencil_two_side GL_EXT_stencil_wrap GL_EXT_texture3D GL_EXT_texture_array GL_EXT_texture_buffer_object GL_EXT_texture_compression_dxt1 GL_EXT_texture_compression_latc GL_EXT_texture_compression_rgtc GL_EXT_texture_compression_s3tc GL_EXT_texture_cube_map GL_EXT_texture_edge_clamp GL_EXT_texture_env_combine GL_EXT_texture_env_dot3 GL_EXT_texture_filter_anisotropic GL_EXT_texture_filter_minmax GL_EXT_texture_integer GL_EXT_texture_lod GL_EXT_texture_lod_bias GL_EXT_texture_mirror_clamp GL_EXT_texture_object GL_EXT_texture_shadow_lod GL_EXT_texture_shared_exponent GL_EXT_texture_sRGB GL_EXT_texture_sRGB_R8 GL_EXT_texture_sRGB_decode GL_EXT_texture_storage GL_EXT_texture_swizzle GL_EXT_timer_query GL_EXT_transform_feedback2 GL_EXT_vertex_array GL_EXT_vertex_array_bgra GL_EXT_vertex_attrib_64bit GL_EXT_window_rectangles GL_EXT_import_sync_object GL_IBM_rasterpos_clip GL_IBM_texture_mirrored_repeat GL_KHR_context_flush_control GL_KHR_debug GL_EXT_memory_object GL_EXT_memory_object_win32 GL_NV_memory_object_sparse GL_EXT_win32_keyed_mutex GL_KHR_parallel_shader_compile GL_KHR_no_error GL_KHR_robust_buffer_access_behavior GL_KHR_robustness GL_EXT_semaphore GL_EXT_semaphore_win32 GL_NV_timeline_semaphore GL_KHR_shader_subgroup GL_KTX_buffer_region GL_NV_alpha_to_coverage_dither_control GL_NV_bindless_multi_draw_indirect GL_NV_bindless_multi_draw_indirect_count GL_NV_bindless_texture GL_NV_blend_equation_advanced GL_NV_blend_equation_advanced_coherent GL_NVX_blend_equation_advanced_multi_draw_buffers GL_NV_blend_minmax_factor GL_NV_blend_square GL_NV_clip_space_w_scaling GL_NV_command_list GL_NV_compute_program5 GL_NV_conditional_render GL_NV_conservative_raster GL_NV_conservative_raster_dilate GL_NV_conservative_raster_pre_snap_triangles GL_NV_copy_depth_to_color GL_NV_copy_image GL_NV_depth_buffer_float GL_NV_depth_clamp GL_NV_draw_texture GL_NV_draw_vulkan_image GL_NV_ES1_1_compatibility GL_NV_ES3_1_compatibility GL_NV_explicit_multisample GL_NV_feature_query GL_NV_fence GL_NV_fill_rectangle GL_NV_float_buffer GL_NV_fog_distance GL_NV_fragment_coverage_to_color GL_NV_fragment_program GL_NV_fragment_program_option GL_NV_fragment_program2 GL_NV_fragment_shader_interlock GL_NV_framebuffer_mixed_samples GL_NV_framebuffer_multisample_coverage GL_NV_geometry_shader4 GL_NV_geometry_shader_passthrough GL_NV_gpu_program4 GL_NV_internalformat_sample_query GL_NV_gpu_program4_1 GL_NV_gpu_program5 GL_NV_gpu_program5_mem_extended GL_NV_gpu_program_fp64 GL_NV_gpu_program_multiview GL_NV_gpu_shader5 GL_NV_half_float GL_NV_light_max_exponent GL_NV_memory_attachment GL_NV_multisample_coverage GL_NV_multisample_filter_hint GL_NV_occlusion_query GL_NV_packed_depth_stencil GL_NV_parameter_buffer_object GL_NV_parameter_buffer_object2 GL_NV_path_rendering GL_NV_path_rendering_shared_edge GL_NV_pixel_data_range GL_NV_point_sprite GL_NV_primitive_restart GL_NV_query_resource GL_NV_query_resource_tag GL_NV_register_combiners GL_NV_register_combiners2 GL_NV_sample_locations GL_NV_sample_mask_override_coverage GL_NV_shader_atomic_counters GL_NV_shader_atomic_float GL_NV_shader_atomic_float64 GL_NV_shader_atomic_fp16_vector GL_NV_shader_atomic_int64 GL_NV_shader_buffer_load GL_NV_shader_storage_buffer_object GL_NV_shader_subgroup_partitioned GL_NV_stereo_view_rendering GL_NV_texgen_reflection GL_NV_texture_barrier GL_NV_texture_compression_vtc GL_NV_texture_env_combine4 GL_NV_texture_multisample GL_NV_texture_rectangle GL_NV_texture_rectangle_compressed GL_NV_texture_shader GL_NV_texture_shader2 GL_NV_texture_shader3 GL_NV_transform_feedback GL_NV_transform_feedback2 GL_NV_uniform_buffer_unified_memory GL_NV_uniform_buffer_std430_layout GL_NV_vertex_array_range GL_NV_vertex_array_range2 GL_NV_vertex_attrib_integer_64bit GL_NV_vertex_buffer_unified_memory GL_NV_vertex_program GL_NV_vertex_program1_1 GL_NV_vertex_program2 GL_NV_vertex_program2_option GL_NV_vertex_program3 GL_NV_viewport_array2 GL_NV_viewport_swizzle GL_NVX_conditional_render GL_NVX_linked_gpu_multicast GL_NV_gpu_multicast GL_NVX_gpu_multicast2 GL_NVX_progress_fence GL_NVX_gpu_memory_info GL_NVX_multigpu_info GL_NVX_nvenc_interop GL_NV_shader_thread_group GL_NV_shader_thread_shuffle GL_KHR_blend_equation_advanced GL_KHR_blend_equation_advanced_coherent GL_OVR_multiview GL_OVR_multiview2 GL_SGIS_generate_mipmap GL_SGIS_texture_lod GL_SGIX_depth_texture GL_SGIX_shadow GL_SUN_slice_accum GL_WIN_swap_hint WGL_EXT_swap_control 
06:01:48: ***************************
06:01:48: *** GL Renderer Started ***
06:01:48: ***************************
06:01:48: Registering ResourceManager for type GpuProgram
06:01:48: GLSL support detected
06:01:48: GL: Using GL_EXT_framebuffer_object for rendering to textures (best)
06:01:48: FBO PF_UNKNOWN depth/stencil support: D0S8 D16S0 D24S0 D32S0 Packed-D24S8 
06:01:48: FBO PF_L8 depth/stencil support: D0S0 D0S8 D16S0 D24S0 D32S0 Packed-D24S8 
06:01:48: FBO PF_A8 depth/stencil support: D0S0 D0S8 D16S0 D24S0 D32S0 Packed-D24S8 
06:01:48: FBO PF_BYTE_LA depth/stencil support: D0S0 D0S8 D16S0 D24S0 D32S0 Packed-D24S8 
06:01:48: FBO PF_R5G6B5 depth/stencil support: D0S0 D0S8 D16S0 D24S0 D32S0 Packed-D24S8 
06:01:48: FBO PF_B5G6R5 depth/stencil support: D0S0 D0S8 D16S0 D24S0 D32S0 Packed-D24S8 
06:01:48: FBO PF_A4R4G4B4 depth/stencil support: D0S0 D0S8 D16S0 D24S0 D32S0 Packed-D24S8 
06:01:49: FBO PF_A1R5G5B5 depth/stencil support: D0S0 D0S8 D16S0 D24S0 D32S0 Packed-D24S8 
06:01:49: FBO PF_R8G8B8 depth/stencil support: D0S0 D0S8 D16S0 D24S0 D32S0 Packed-D24S8 
06:01:49: FBO PF_B8G8R8 depth/stencil support: D0S0 D0S8 D16S0 D24S0 D32S0 Packed-D24S8 
06:01:49: FBO PF_A8R8G8B8 depth/stencil support: D0S0 D0S8 D16S0 D24S0 D32S0 Packed-D24S8 
06:01:49: FBO PF_A8B8G8R8 depth/stencil support: D0S0 D0S8 D16S0 D24S0 D32S0 Packed-D24S8 
06:01:49: FBO PF_B8G8R8A8 depth/stencil support: D0S0 D0S8 D16S0 D24S0 D32S0 Packed-D24S8 
06:01:49: FBO PF_FLOAT16_RGB depth/stencil support: D0S0 D0S8 D16S0 D24S0 D32S0 Packed-D24S8 
06:01:49: FBO PF_FLOAT16_RGBA depth/stencil support: D0S0 D0S8 D16S0 D24S0 D32S0 Packed-D24S8 
06:01:49: FBO PF_FLOAT32_RGB depth/stencil support: D0S0 D0S8 D16S0 D24S0 D32S0 Packed-D24S8 
06:01:49: FBO PF_FLOAT32_RGBA depth/stencil support: D0S0 D0S8 D16S0 D24S0 D32S0 Packed-D24S8 
06:01:49: FBO PF_X8R8G8B8 depth/stencil support: D0S0 D0S8 D16S0 D24S0 D32S0 Packed-D24S8 
06:01:49: FBO PF_X8B8G8R8 depth/stencil support: D0S0 D0S8 D16S0 D24S0 D32S0 Packed-D24S8 
06:01:49: FBO PF_R8G8B8A8 depth/stencil support: D0S0 D0S8 D16S0 D24S0 D32S0 Packed-D24S8 
06:01:49: FBO PF_SHORT_RGBA depth/stencil support: D0S0 D0S8 D16S0 D24S0 D32S0 Packed-D24S8 
06:01:49: FBO PF_R3G3B2 depth/stencil support: D0S0 D0S8 D16S0 D24S0 D32S0 Packed-D24S8 
06:01:49: FBO PF_FLOAT16_R depth/stencil support: D0S0 D0S8 D16S0 D24S0 D32S0 Packed-D24S8 
06:01:49: FBO PF_FLOAT32_R depth/stencil support: D0S0 D0S8 D16S0 D24S0 D32S0 Packed-D24S8 
06:01:49: FBO PF_FLOAT16_GR depth/stencil support: D0S0 D0S8 D16S0 D24S0 D32S0 Packed-D24S8 
06:01:49: FBO PF_FLOAT32_GR depth/stencil support: D0S0 D0S8 D16S0 D24S0 D32S0 Packed-D24S8 
06:01:49: FBO PF_SHORT_RGB depth/stencil support: D0S0 D0S8 D16S0 D24S0 D32S0 Packed-D24S8 
06:01:49: [GL] : Valid FBO targets PF_UNKNOWN PF_L8 PF_A8 PF_BYTE_LA PF_R5G6B5 PF_B5G6R5 PF_A4R4G4B4 PF_A1R5G5B5 PF_R8G8B8 PF_B8G8R8 PF_A8R8G8B8 PF_A8B8G8R8 PF_B8G8R8A8 PF_FLOAT16_RGB PF_FLOAT16_RGBA PF_FLOAT32_RGB PF_FLOAT32_RGBA PF_X8R8G8B8 PF_X8B8G8R8 PF_R8G8B8A8 PF_SHORT_RGBA PF_R3G3B2 PF_FLOAT16_R PF_FLOAT32_R PF_FLOAT16_GR PF_FLOAT32_GR PF_SHORT_RGB 
06:01:49: RenderSystem capabilities
06:01:49: -------------------------
06:01:49: RenderSystem Name: OpenGL Rendering Subsystem
06:01:49: GPU Vendor: nvidia
06:01:49: Device Name: NVIDIA GeForce GTX 1070/PCIe/SSE2
06:01:49: Driver Version: 4.6.0.0
06:01:49:  * Fixed function pipeline: yes
06:01:49:  * Anisotropic texture filtering: yes
06:01:49:  * Cube mapping: yes
06:01:49:  * Hardware stencil buffer: yes
06:01:49:    - Stencil depth: 8
06:01:49:    - Two sided stencil support: yes
06:01:49:    - Wrap stencil values: yes
06:01:49:  * 32-bit index buffers: yes
06:01:49:  * Vertex programs: yes
06:01:49:  * Number of floating-point constants for vertex programs: 1024
06:01:49:  * Number of integer constants for vertex programs: 0
06:01:49:  * Number of boolean constants for vertex programs: 0
06:01:49:  * Fragment programs: yes
06:01:49:  * Number of floating-point constants for fragment programs: 1024
06:01:49:  * Number of integer constants for fragment programs: 0
06:01:49:  * Number of boolean constants for fragment programs: 0
06:01:49:  * Geometry programs: yes
06:01:49:  * Number of floating-point constants for geometry programs: 2048
06:01:49:  * Number of integer constants for geometry programs: 0
06:01:49:  * Number of boolean constants for geometry programs: 0
06:01:49:  * Tessellation Hull programs: no
06:01:49:  * Number of floating-point constants for tessellation hull programs: 25956
06:01:49:  * Number of integer constants for tessellation hull programs: 24434
06:01:49:  * Number of boolean constants for tessellation hull programs: 28265
06:01:49:  * Tessellation Domain programs: no
06:01:49:  * Number of floating-point constants for tessellation domain programs: 25974
06:01:49:  * Number of integer constants for tessellation domain programs: 29810
06:01:49:  * Number of boolean constants for tessellation domain programs: 25701
06:01:49:  * Compute programs: no
06:01:49:  * Number of floating-point constants for compute programs: 18208
06:01:49:  * Number of integer constants for compute programs: 24396
06:01:49:  * Number of boolean constants for compute programs: 21057
06:01:49:  * Supported Shader Profiles: arbfp1 arbvp1 fp20 fp30 fp40 glsl glsl100 glsl110 glsl120 gp4fp gp4gp gp4vp gpu_fp gpu_gp gpu_vp nvgp4 vp30 vp40
06:01:49:  * Texture Compression: yes
06:01:49:    - DXT: yes
06:01:49:    - VTC: yes
06:01:49:    - PVRTC: no
06:01:49:    - ATC: no
06:01:49:    - ETC1: no
06:01:49:    - ETC2: no
06:01:49:    - BC4/BC5: no
06:01:49:    - BC6H/BC7: no
06:01:49:    - ASTC: no
06:01:49:    - Mipmaps for compressed formats: yes
06:01:49:  * Hardware Occlusion Query: yes
06:01:49:  * User clip planes: yes
06:01:49:  * VET_UBYTE4 vertex element type: yes
06:01:49:  * Infinite far plane projection: yes
06:01:49:  * Hardware render-to-texture: yes
06:01:49:  * Floating point textures: yes
06:01:49:  * Non-power-of-two textures: yes
06:01:49:  * 1d textures: yes
06:01:49:  * Volume textures: yes
06:01:49:  * Multiple Render Targets: 8
06:01:49:    - With different bit depths: yes
06:01:49:  * Point Sprites: yes
06:01:49:  * Wide Lines: yes
06:01:49:  * Hardware Gamma: yes
06:01:49:  * Extended point parameters: yes
06:01:49:  * Max Point Size: 2047
06:01:49:  * Vertex texture fetch: yes
06:01:49:  * Number of texture units: 16
06:01:49:  * Number of vertex attributes: 16
06:01:49:  * Stencil buffer depth: 8
06:01:49:  * Number of vertex blend matrices: 0
06:01:49:    - Max vertex textures: 32
06:01:49:    - Vertex textures shared: yes
06:01:49:  * Render to Vertex Buffer : yes
06:01:49:  * Hardware Atomic Counters: no
06:01:49:  * PBuffer support: yes
06:01:49:  * Vertex Array Objects: no
06:01:49:  * Separate shader objects: no
06:01:49:  * GLSL SSO redeclare interface block: no
06:01:49:  * Debugging/ profiling events: no
06:01:49:  * Map buffer storage: yes
06:01:49: DefaultWorkQueue('Root') initialising on thread 17836.
06:01:49: DefaultWorkQueue('Root')::WorkerFunc - thread 20516 starting.
06:01:49: DefaultWorkQueue('Root')::WorkerFunc - thread 428 starting.
06:01:49: DefaultWorkQueue('Root')::WorkerFunc - thread 8588 starting.
06:01:49: DefaultWorkQueue('Root')::WorkerFunc - thread 16636 starting.
06:01:49: DefaultWorkQueue('Root')::WorkerFunc - thread 17784 starting.
06:01:49: DefaultWorkQueue('Root')::WorkerFunc - thread 21356 starting.
06:01:49: DefaultWorkQueue('Root')::WorkerFunc - thread 17560 starting.
06:01:49: DefaultWorkQueue('Root')::WorkerFunc - thread 19128 starting.
06:01:49: DefaultWorkQueue('Root')::WorkerFunc - thread 2004 starting.
06:01:49: DefaultWorkQueue('Root')::WorkerFunc - thread 21316 starting.
06:01:49: DefaultWorkQueue('Root')::WorkerFunc - thread 1672 starting.
06:01:49: DefaultWorkQueue('Root')::WorkerFunc - thread 21144 starting.
06:01:49: Particle Renderer Type 'billboard' registered
06:01:49: SceneManagerFactory for type 'BspSceneManager' registered.
06:01:49: Registering SceneLoader Q3BSP
06:01:49: SceneManagerFactory for type 'PCZSceneManager' registered.
06:01:49: MovableObjectFactory for type 'PCZLight' registered.
06:01:49: MovableObjectFactory for type 'Portal' registered.
06:01:49: MovableObjectFactory for type 'AntiPortal' registered.
06:01:49: PCZone Factory Type 'ZoneType_Octree' registered
06:01:49: SceneManagerFactory for type 'OctreeSceneManager' registered.
06:01:49: Creating resource group Essential
06:01:49: Added resource location '../Media/thumbnails' of type 'FileSystem' to resource group 'Essential'
06:01:49: Added resource location '../Media/packs/SdkTrays.zip' of type 'Zip' to resource group 'Essential'
06:01:49: Added resource location '../Media/packs/profiler.zip' of type 'Zip' to resource group 'Essential'
06:01:49: Added resource location '../Media' of type 'FileSystem' to resource group 'General'
06:01:49: Added resource location '../Media/fonts' of type 'FileSystem' to resource group 'General'
06:01:49: Added resource location '../Media/materials/programs' of type 'FileSystem' to resource group 'General'
06:01:49: Added resource location '../Media/IG2App' of type 'FileSystem' to resource group 'General'
06:01:49: Added resource location '../Media/materials/scripts' of type 'FileSystem' to resource group 'General'
06:01:49: Added resource location '../Media/materials/textures' of type 'FileSystem' to resource group 'General'
06:01:49: Added resource location '../Media/models' of type 'FileSystem' to resource group 'General'
06:01:49: Added resource location '../Media/packs/ogredance.zip' of type 'Zip' to resource group 'General'
06:01:49: Added resource location '../Media/packs/Sinbad.zip' of type 'Zip' to resource group 'General'
06:01:49: Added resource location '../Media/packs/dragon.zip' of type 'Zip' to resource group 'General'
06:01:49: Added resource location '../Media/packs/fresneldemo.zip' of type 'Zip' to resource group 'General'
06:01:49: Added resource location '../Media/packs/DamagedHelmet.zip' of type 'Zip' to resource group 'General'
06:01:49: Added resource location '../Media/materials/programs/GLSL120' of type 'FileSystem' to resource group 'General'
06:01:49: Added resource location '../Media/materials/programs/GLSL' of type 'FileSystem' to resource group 'General'
06:01:49: Added resource location '../Media/RTShaderLib/materials' of type 'FileSystem' to resource group 'General'
06:01:49: Added resource location '../Media/RTShaderLib/GLSL' of type 'FileSystem' to resource group 'General'
06:01:49: Parsing scripts for resource group Essential
06:01:49: Parsing script SdkTrays.material
06:01:49: Parsing script OgreProfiler.material
06:01:49: Parsing script SdkTrays.fontdef
06:01:49: Parsing script SdkTrays.overlay
06:01:49: Texture: sdk_cursor.png: Loading 1 faces(PF_A8B8G8R8,32x32x1) with 5 hardware generated mipmaps from Image. Internal format is PF_A8B8G8R8,32x32x1.
06:01:49: Texture: sdk_tray.png: Loading 1 faces(PF_A8B8G8R8,64x64x1) with 6 hardware generated mipmaps from Image. Internal format is PF_A8B8G8R8,64x64x1.
06:01:49: Texture: sdk_button_up.png: Loading 1 faces(PF_A8B8G8R8,128x32x1) with 7 hardware generated mipmaps from Image. Internal format is PF_A8B8G8R8,128x32x1.
06:01:49: Texture: sdk_text_box.png: Loading 1 faces(PF_A8B8G8R8,32x32x1) with 5 hardware generated mipmaps from Image. Internal format is PF_A8B8G8R8,32x32x1.
06:01:49: Texture: sdk_mini_tray.png: Loading 1 faces(PF_A8B8G8R8,32x32x1) with 5 hardware generated mipmaps from Image. Internal format is PF_A8B8G8R8,32x32x1.
06:01:49: Texture: sdk_track.png: Loading 1 faces(PF_A8B8G8R8,16x32x1) with 5 hardware generated mipmaps from Image. Internal format is PF_A8B8G8R8,16x32x1.
06:01:49: Texture: sdk_handle.png: Loading 1 faces(PF_A8B8G8R8,16x16x1) with 4 hardware generated mipmaps from Image. Internal format is PF_A8B8G8R8,16x16x1.
06:01:49: Texture: sdk_mini_text_box.png: Loading 1 faces(PF_A8B8G8R8,32x32x1) with 5 hardware generated mipmaps from Image. Internal format is PF_A8B8G8R8,32x32x1.
06:01:49: Texture: sdk_label.png: Loading 1 faces(PF_A8B8G8R8,32x32x1) with 5 hardware generated mipmaps from Image. Internal format is PF_A8B8G8R8,32x32x1.
06:01:49: Texture: sdk_separator.png: Loading 1 faces(PF_A8B8G8R8,64x16x1) with 6 hardware generated mipmaps from Image. Internal format is PF_A8B8G8R8,64x16x1.
06:01:49: Texture: sdk_logo.png: Loading 1 faces(PF_A8B8G8R8,128x64x1) with 7 hardware generated mipmaps from Image. Internal format is PF_A8B8G8R8,128x64x1.
06:01:49: Texture: sdk_shade.png: Loading 1 faces(PF_A8B8G8R8,64x48x1) with 6 hardware generated mipmaps from Image. Internal format is PF_A8B8G8R8,64x48x1.
06:01:49: Texture: sdk_frame.png: Loading 1 faces(PF_A8B8G8R8,32x32x1) with 5 hardware generated mipmaps from Image. Internal format is PF_A8B8G8R8,32x32x1.
06:01:49: Texture: sdk_mini_text_box_over.png: Loading 1 faces(PF_A8B8G8R8,32x32x1) with 5 hardware generated mipmaps from Image. Internal format is PF_A8B8G8R8,32x32x1.
06:01:49: Texture: sdk_pulse.png: Loading 1 faces(PF_B8G8R8,8x1x1) with 3 hardware generated mipmaps from Image. Internal format is PF_B8G8R8,8x1x1.
06:01:49: Finished parsing scripts for resource group Essential
06:01:49: Creating resources for group Essential
06:01:49: All done
06:01:49: Parsing scripts for resource group General
06:01:49: Parsing script DualQuaternion.program
06:01:49: Parsing script Examples.program
06:01:49: Ogre::InvalidParametersException::InvalidParametersException: Parameter called diffuse does not exist.  in GpuProgramParameters::_findNamedConstantDefinition at d:\fdi\ig2_18_19\ogre-master\ogremain\src\ogregpuprogramparams.cpp (line 2210)
06:01:49: Error: ScriptCompiler - invalid parameters in Examples.program(311): setting of constant failed
06:01:49: Parsing script Instancing.program
06:01:49: Parsing script StdQuad_vp.program
06:01:49: Parsing script IG2App.material
06:01:49: Parsing script trail.material
06:01:49: Parsing script AdaptivePNTrianglesTessellation.material
06:01:49: Parsing script ASCII.material
06:01:49: Parsing script AtomicCounters.material
06:01:49: Parsing script BlackAndWhite.material
06:01:49: Parsing script Bloom2.material
06:01:49: Parsing script CompositorDemo.material
06:01:49: Parsing script Compute.material
06:01:49: Parsing script DamagedHelmet.material
06:01:49: Ogre::FileNotFoundException::FileNotFoundException: Cannot locate resource glTF2_PBR.material in resource group General. in ResourceGroupManager::openResource at d:\fdi\ig2_18_19\ogre-master\ogremain\src\ogreresourcegroupmanager.cpp (line 698)
06:01:49: Error: ScriptCompiler - unknown error in DamagedHelmet.material(3): base object named "glTF2/PBR" not found in script definition
06:01:49: Parsing script DepthShadowmap.material
06:01:49: Parsing script Dither.material
06:01:49: Parsing script DOF.material
06:01:49: Parsing script DualQuaternion.material
06:01:49: Parsing script Embossed.material
06:01:49: Parsing script Examples-Advanced.material
06:01:49: Parsing script Examples-DynTex.material
06:01:49: Parsing script Examples-Water.material
06:01:49: Parsing script Examples.material
06:01:49: Parsing script facial.material
06:01:49: Parsing script FluidSim.material
06:01:49: Parsing script Glass.material
06:01:49: Parsing script Hair.material
06:01:49: Parsing script Halftone.material
06:01:49: Parsing script hdr.material
06:01:49: Parsing script HeatVision.material
06:01:49: Parsing script Hurt.material
06:01:49: Parsing script HWInstancing.material
06:01:49: Parsing script HW_VTFInstancing.material
06:01:49: Parsing script HW_VTF_LUTInstancing.material
06:01:49: Parsing script instancing.material
06:01:49: Parsing script InstancingMisc.material
06:01:49: Parsing script Invert.material
06:01:49: Parsing script Island.material
06:01:49: Parsing script IsoSurf.material
06:01:49: Parsing script Laplace.material
06:01:49: Parsing script MotionBlur.material
06:01:49: Parsing script MRTtest.material
06:01:49: Parsing script NightVision.material
06:01:49: Parsing script Ocean.material
06:01:49: Parsing script OffsetMapping.material
06:01:49: Error: ScriptCompiler - object unsupported by render system in OffsetMapping.material(35): , Shader name: Examples/OffsetMappingPS/Asm
06:01:49: Parsing script Ogre.material
06:01:49: Parsing script OldMovie.material
06:01:49: Parsing script OldTV.material
06:01:49: Parsing script ParticleGS.material
06:01:49: Parsing script Penguin.material
06:01:49: Parsing script Posterize.material
06:01:49: Parsing script pssm.material
06:01:49: Parsing script RadialBlur.material
06:01:49: Parsing script RasterizationOrder.material
06:01:49: Parsing script RZR-002.material
06:01:49: Parsing script ShaderInstancing.material
06:01:49: Parsing script ShaderSystem.material
06:01:49: Parsing script shadows.material
06:01:49: Parsing script SharpenEdges.material
06:01:49: Parsing script sibenik.material
06:01:49: Parsing script smoke.material
06:01:49: Parsing script Swizzle.material
06:01:49: Parsing script TerrainTessellation.material
06:01:49: Parsing script Tessellation.material
06:01:49: Parsing script Tiling.material
06:01:49: Parsing script VarianceShadowmap.material
06:01:49: Parsing script VTFInstancing.material
06:01:49: Parsing script Sinbad.material
06:01:49: Parsing script RomanBath.material
06:01:49: Parsing script DualQuaternionSkinning_Shadow.material
06:01:49: Parsing script HardwareSkinningShadow.material
06:01:49: Parsing script RTShaderSystem.material
06:01:49: Parsing script TriplanarTexturing.material
06:01:49: Parsing script fire.particle
06:01:49: Texture: smoke.png: Loading 1 faces(PF_A8B8G8R8,256x256x1) with 8 hardware generated mipmaps from Image. Internal format is PF_A8B8G8R8,256x256x1.
06:01:49: Error: ScriptCompiler - invalid parameters in fire.particle(30)
06:01:49: Parsing script ogreheadsmoke.particle
06:01:49: Parsing script smoke.particle
06:01:49: Parsing script trail.particle
06:01:49: Parsing script Examples.compositor
06:01:49: Finished parsing scripts for resource group General
06:01:49: Creating resources for group General
06:01:49: All done
06:01:49: Parsing scripts for resource group OgreAutodetect
06:01:49: Finished parsing scripts for resource group OgreAutodetect
06:01:49: Creating resources for group OgreAutodetect
06:01:49: All done
06:01:49: Parsing scripts for resource group OgreInternal
06:01:49: Finished parsing scripts for resource group OgreInternal
06:01:49: Creating resources for group OgreInternal
06:01:49: All done
06:01:49: Texture: spacesky.jpg: Loading 1 faces(PF_B8G8R8,512x512x1) with 9 hardware generated mipmaps from Image. Internal format is PF_B8G8R8,512x512x1.
06:01:49: Texture: lightMap.jpg: Loading 1 faces(PF_B8G8R8,256x256x1) with 8 hardware generated mipmaps from Image. Internal format is PF_B8G8R8,256x256x1.
06:01:49: Texture: RustedMetal.jpg: Loading 1 faces(PF_B8G8R8,512x512x1) with 9 hardware generated mipmaps from Image. Internal format is PF_B8G8R8,512x512x1.
06:01:49: Texture: flare.png: Loading 1 faces(PF_B8G8R8,256x256x1) with 8 hardware generated mipmaps from Image. Internal format is PF_B8G8R8,256x256x1.
06:01:49: Mesh: Loading uv_sphere.mesh.
06:01:49: Texture: corrosion.jpg: Loading 1 faces(PF_B8G8R8,275x183x1) with 8 hardware generated mipmaps from Image. Internal format is PF_B8G8R8,275x183x1.
06:01:49: Texture: BumpyMetal.jpg: Loading 1 faces(PF_B8G8R8,512x512x1) with 9 hardware generated mipmaps from Image. Internal format is PF_B8G8R8,512x512x1.
06:01:49: Texture: chelo.jpg: Loading 1 faces(PF_B8G8R8,1200x675x1) with 10 hardware generated mipmaps from Image. Internal format is PF_B8G8R8,1200x675x1.
06:01:49: Mesh: Loading Sinbad.mesh.
06:01:49: Skeleton: Loading Sinbad.skeleton
06:01:49: Texture: sinbad_body.tga: Loading 1 faces(PF_B8G8R8,512x512x1) with 9 hardware generated mipmaps from Image. Internal format is PF_B8G8R8,512x512x1.
06:01:49: Texture: sinbad_clothes.tga: Loading 1 faces(PF_B8G8R8,512x512x1) with 9 hardware generated mipmaps from Image. Internal format is PF_B8G8R8,512x512x1.
06:01:49: Texture: sinbad_sword.tga: Loading 1 faces(PF_B8G8R8,256x256x1) with 8 hardware generated mipmaps from Image. Internal format is PF_B8G8R8,256x256x1.
06:01:49: Warning: the mesh 'Sinbad.mesh' includes vertices with more than 4 bone assignments. The lowest weighted assignments beyond this limit have been removed, so your animation may look slightly different. To eliminate this, reduce the number of bone assignments per vertex on your mesh to 4.
06:01:49: Mesh: Loading Sword.mesh.
06:01:49: Mesh: Loading ogrehead.mesh.
06:01:49: Texture: GreenSkin.jpg: Loading 1 faces(PF_B8G8R8,256x256x1) with 8 hardware generated mipmaps from Image. Internal format is PF_B8G8R8,256x256x1.
06:01:49: Texture: spheremap.png: Loading 1 faces(PF_B8G8R8,256x256x1) with 8 hardware generated mipmaps from Image. Internal format is PF_B8G8R8,256x256x1.
06:01:49: Texture: tusk.jpg: Loading 1 faces(PF_B8G8R8,128x128x1) with 7 hardware generated mipmaps from Image. Internal format is PF_B8G8R8,128x128x1.
06:02:11: Unregistering ResourceManager for type Font
06:02:11: DefaultWorkQueue('Root') shutting down on thread 17836.
06:02:11: DefaultWorkQueue('Root')::WorkerFunc - thread 21356 stopped.
06:02:11: DefaultWorkQueue('Root')::WorkerFunc - thread 21316 stopped.
06:02:11: DefaultWorkQueue('Root')::WorkerFunc - thread 17784 stopped.
06:02:11: DefaultWorkQueue('Root')::WorkerFunc - thread 428 stopped.
06:02:11: DefaultWorkQueue('Root')::WorkerFunc - thread 19128 stopped.
06:02:11: DefaultWorkQueue('Root')::WorkerFunc - thread 2004 stopped.
06:02:11: DefaultWorkQueue('Root')::WorkerFunc - thread 20516 stopped.
06:02:11: DefaultWorkQueue('Root')::WorkerFunc - thread 1672 stopped.
06:02:11: DefaultWorkQueue('Root')::WorkerFunc - thread 16636 stopped.
06:02:11: DefaultWorkQueue('Root')::WorkerFunc - thread 17560 stopped.
06:02:0611:: 2:11DefaultWorkQueue('Root')::WorkerFunc - thread 8588 stopped.: DefaultWorkQueue('Root')::WorkerFunc - thread 21144 stopped.

06:02:11: PCZone Factory Type 'ZoneType_Octree' unregistered
06:02:11: *-*-* OGRE Shutdown
06:02:11: Unregistering ResourceManager for type Compositor
06:02:11: Uninstalling plugin: Octree Scene Manager
06:02:11: Plugin successfully uninstalled
06:02:11: Unloading library E:/Programas/OneDrive - UCM/UCM/3/1C/ig2/IG2/practica 2/bin/.\Plugin_OctreeSceneManager
06:02:11: Uninstalling plugin: Octree Zone Factory
06:02:11: Plugin successfully uninstalled
06:02:11: Unloading library E:/Programas/OneDrive - UCM/UCM/3/1C/ig2/IG2/practica 2/bin/.\Plugin_OctreeZone
06:02:11: Uninstalling plugin: Portal Connected Zone Scene Manager
06:02:11: Plugin successfully uninstalled
06:02:11: Unloading library E:/Programas/OneDrive - UCM/UCM/3/1C/ig2/IG2/practica 2/bin/.\Plugin_PCZSceneManager
06:02:11: Unloading library E:/Programas/OneDrive - UCM/UCM/3/1C/ig2/IG2/practica 2/bin/.\Codec_STBI
06:02:11: Uninstalling plugin: BSP Scene Manager
06:02:11: Plugin successfully uninstalled
06:02:11: Unloading library E:/Programas/OneDrive - UCM/UCM/3/1C/ig2/IG2/practica 2/bin/.\Plugin_BSPSceneManager
06:02:11: Uninstalling plugin: ParticleFX
06:02:11: Plugin successfully uninstalled
06:02:11: Unloading library E:/Programas/OneDrive - UCM/UCM/3/1C/ig2/IG2/practica 2/bin/.\Plugin_ParticleFX
06:02:11: Uninstalling plugin: GL 3+ RenderSystem
06:02:11: *** Stopping Win32GL Subsystem ***
06:02:11: Plugin successfully uninstalled
06:02:11: Unloading library E:/Programas/OneDrive - UCM/UCM/3/1C/ig2/IG2/practica 2/bin/.\RenderSystem_GL3Plus
06:02:11: Uninstalling plugin: GL RenderSystem
06:02:11: Unregistering ResourceManager for type GpuProgram
06:02:11: *** Stopping Win32GL Subsystem ***
06:02:11: Unregistering ResourceManager for type Texture
06:02:11: Plugin successfully uninstalled
06:02:11: Unloading library E:/Programas/OneDrive - UCM/UCM/3/1C/ig2/IG2/practica 2/bin/.\RenderSystem_GL
06:02:11: Unregistering ResourceManager for type Skeleton
06:02:11: Unregistering ResourceManager for type Mesh
06:02:11: Unregistering ResourceManager for type HighLevelGpuProgram
06:02:11: Unregistering ResourceManager for type Material
